DEB [20150915-18:17:49.913] thr=1   paramiko.transport: starting thread (client mode): 0x51b3a590L
INF [20150915-18:17:49.920] thr=1   paramiko.transport: Connected (version 2.0, client OpenSSH_5.3)
DEB [20150915-18:17:49.921] thr=1   paramiko.transport: kex algos:[u'diffie-hellman-group-exchange-sha256', u'diffie-hellman-group-exchange-sha1', u'diffie-hellman-group14-sha1', u'diffie-hellman-group1-sha1'] server key:[u'ssh-rsa', u'ssh-dss'] client encrypt:[u'aes128-ctr', u'aes192-ctr', u'aes256-ctr', u'arcfour256', u'arcfour128', u'aes128-cbc', u'3des-cbc', u'blowfish-cbc', u'cast128-cbc', u'aes192-cbc', u'aes256-cbc', u'arcfour', u'rijndael-cbc@lysator.liu.se'] server encrypt:[u'aes128-ctr', u'aes192-ctr', u'aes256-ctr', u'arcfour256', u'arcfour128', u'aes128-cbc', u'3des-cbc', u'blowfish-cbc', u'cast128-cbc', u'aes192-cbc', u'aes256-cbc', u'arcfour', u'rijndael-cbc@lysator.liu.se'] client mac:[u'hmac-md5', u'hmac-sha1', u'umac-64@openssh.com', u'hmac-sha2-256', u'hmac-sha2-512', u'hmac-ripemd160', u'hmac-ripemd160@openssh.com', u'hmac-sha1-96', u'hmac-md5-96'] server mac:[u'hmac-md5', u'hmac-sha1', u'umac-64@openssh.com', u'hmac-sha2-256', u'hmac-sha2-512', u'hmac-ripemd160', u'hmac-ripemd160@openssh.com', u'hmac-sha1-96', u'hmac-md5-96'] client compress:[u'none', u'zlib@openssh.com'] server compress:[u'none', u'zlib@openssh.com'] client lang:[u''] server lang:[u''] kex follows?False
DEB [20150915-18:17:49.921] thr=1   paramiko.transport: Ciphers agreed: local=aes128-ctr, remote=aes128-ctr
DEB [20150915-18:17:49.921] thr=1   paramiko.transport: using kex diffie-hellman-group14-sha1; server key type ssh-rsa; cipher: local aes128-ctr, remote aes128-ctr; mac: local hmac-sha1, remote hmac-sha1; compression: local none, remote none
DEB [20150915-18:17:49.990] thr=1   paramiko.transport: Switch to new keys ...
DEB [20150915-18:17:50.014] thr=2   paramiko.transport: Adding ssh-rsa host key for 10.134.107.120: f99f978afecf2478d9311385dca010b8
DEB [20150915-18:17:50.014] thr=2   paramiko.transport: Trying SSH key d9ec9713e1f1b5972076fe764d39faae
DEB [20150915-18:17:50.030] thr=1   paramiko.transport: userauth is OK
INF [20150915-18:17:50.036] thr=1   paramiko.transport: Authentication (publickey) successful!
DEB [20150915-18:17:50.048] thr=2   paramiko.transport: [chan 0] Max packet in: 32768 bytes
DEB [20150915-18:17:50.049] thr=1   paramiko.transport: [chan 0] Max packet out: 32768 bytes
DEB [20150915-18:17:50.049] thr=1   paramiko.transport: Secsh channel 0 opened.
DEB [20150915-18:17:50.051] thr=1   paramiko.transport: [chan 0] Sesch channel 0 request ok
DEB [20150915-18:17:50.094] thr=1   paramiko.transport: [chan 0] EOF received (0)
DEB [20150915-18:17:50.095] thr=1   paramiko.transport: [chan 0] EOF sent (0)
DEB [20150915-18:17:50.195] thr=1   paramiko.transport: EOF in transport thread
DEB [20150915-18:17:50.231] thr=3   paramiko.transport: starting thread (client mode): 0x51b3a950L
INF [20150915-18:17:50.237] thr=3   paramiko.transport: Connected (version 2.0, client OpenSSH_5.3)
DEB [20150915-18:17:50.238] thr=3   paramiko.transport: kex algos:[u'diffie-hellman-group-exchange-sha256', u'diffie-hellman-group-exchange-sha1', u'diffie-hellman-group14-sha1', u'diffie-hellman-group1-sha1'] server key:[u'ssh-rsa', u'ssh-dss'] client encrypt:[u'aes128-ctr', u'aes192-ctr', u'aes256-ctr', u'arcfour256', u'arcfour128', u'aes128-cbc', u'3des-cbc', u'blowfish-cbc', u'cast128-cbc', u'aes192-cbc', u'aes256-cbc', u'arcfour', u'rijndael-cbc@lysator.liu.se'] server encrypt:[u'aes128-ctr', u'aes192-ctr', u'aes256-ctr', u'arcfour256', u'arcfour128', u'aes128-cbc', u'3des-cbc', u'blowfish-cbc', u'cast128-cbc', u'aes192-cbc', u'aes256-cbc', u'arcfour', u'rijndael-cbc@lysator.liu.se'] client mac:[u'hmac-md5', u'hmac-sha1', u'umac-64@openssh.com', u'hmac-sha2-256', u'hmac-sha2-512', u'hmac-ripemd160', u'hmac-ripemd160@openssh.com', u'hmac-sha1-96', u'hmac-md5-96'] server mac:[u'hmac-md5', u'hmac-sha1', u'umac-64@openssh.com', u'hmac-sha2-256', u'hmac-sha2-512', u'hmac-ripemd160', u'hmac-ripemd160@openssh.com', u'hmac-sha1-96', u'hmac-md5-96'] client compress:[u'none', u'zlib@openssh.com'] server compress:[u'none', u'zlib@openssh.com'] client lang:[u''] server lang:[u''] kex follows?False
DEB [20150915-18:17:50.239] thr=3   paramiko.transport: Ciphers agreed: local=aes128-ctr, remote=aes128-ctr
DEB [20150915-18:17:50.239] thr=3   paramiko.transport: using kex diffie-hellman-group14-sha1; server key type ssh-rsa; cipher: local aes128-ctr, remote aes128-ctr; mac: local hmac-sha1, remote hmac-sha1; compression: local none, remote none
DEB [20150915-18:17:50.283] thr=3   paramiko.transport: Switch to new keys ...
DEB [20150915-18:17:50.315] thr=2   paramiko.transport: Adding ssh-rsa host key for 10.134.107.120: f99f978afecf2478d9311385dca010b8
DEB [20150915-18:17:50.316] thr=2   paramiko.transport: Trying SSH key d9ec9713e1f1b5972076fe764d39faae
DEB [20150915-18:17:50.323] thr=3   paramiko.transport: userauth is OK
INF [20150915-18:17:50.329] thr=3   paramiko.transport: Authentication (publickey) successful!
DEB [20150915-18:17:50.333] thr=2   paramiko.transport: [chan 0] Max packet in: 32768 bytes
DEB [20150915-18:17:50.333] thr=3   paramiko.transport: [chan 0] Max packet out: 32768 bytes
DEB [20150915-18:17:50.334] thr=3   paramiko.transport: Secsh channel 0 opened.
DEB [20150915-18:17:50.335] thr=3   paramiko.transport: [chan 0] Sesch channel 0 request ok
DEB [20150915-18:17:50.390] thr=3   paramiko.transport: [chan 0] EOF received (0)
DEB [20150915-18:17:50.390] thr=3   paramiko.transport: [chan 0] EOF sent (0)
DEB [20150915-18:17:50.491] thr=3   paramiko.transport: EOF in transport thread
DEB [20150915-18:17:50.818] thr=4   paramiko.transport: starting thread (client mode): 0x51aed890L
INF [20150915-18:17:50.822] thr=4   paramiko.transport: Connected (version 2.0, client OpenSSH_5.3)
DEB [20150915-18:17:50.824] thr=4   paramiko.transport: kex algos:[u'diffie-hellman-group-exchange-sha256', u'diffie-hellman-group-exchange-sha1', u'diffie-hellman-group14-sha1', u'diffie-hellman-group1-sha1'] server key:[u'ssh-rsa', u'ssh-dss'] client encrypt:[u'aes128-ctr', u'aes192-ctr', u'aes256-ctr', u'arcfour256', u'arcfour128', u'aes128-cbc', u'3des-cbc', u'blowfish-cbc', u'cast128-cbc', u'aes192-cbc', u'aes256-cbc', u'arcfour', u'rijndael-cbc@lysator.liu.se'] server encrypt:[u'aes128-ctr', u'aes192-ctr', u'aes256-ctr', u'arcfour256', u'arcfour128', u'aes128-cbc', u'3des-cbc', u'blowfish-cbc', u'cast128-cbc', u'aes192-cbc', u'aes256-cbc', u'arcfour', u'rijndael-cbc@lysator.liu.se'] client mac:[u'hmac-md5', u'hmac-sha1', u'umac-64@openssh.com', u'hmac-sha2-256', u'hmac-sha2-512', u'hmac-ripemd160', u'hmac-ripemd160@openssh.com', u'hmac-sha1-96', u'hmac-md5-96'] server mac:[u'hmac-md5', u'hmac-sha1', u'umac-64@openssh.com', u'hmac-sha2-256', u'hmac-sha2-512', u'hmac-ripemd160', u'hmac-ripemd160@openssh.com', u'hmac-sha1-96', u'hmac-md5-96'] client compress:[u'none', u'zlib@openssh.com'] server compress:[u'none', u'zlib@openssh.com'] client lang:[u''] server lang:[u''] kex follows?False
DEB [20150915-18:17:50.824] thr=4   paramiko.transport: Ciphers agreed: local=aes128-ctr, remote=aes128-ctr
DEB [20150915-18:17:50.824] thr=4   paramiko.transport: using kex diffie-hellman-group14-sha1; server key type ssh-rsa; cipher: local aes128-ctr, remote aes128-ctr; mac: local hmac-sha1, remote hmac-sha1; compression: local none, remote none
DEB [20150915-18:17:50.867] thr=4   paramiko.transport: Switch to new keys ...
DEB [20150915-18:17:50.882] thr=2   paramiko.transport: Adding ssh-rsa host key for 10.134.107.120: f99f978afecf2478d9311385dca010b8
DEB [20150915-18:17:50.882] thr=2   paramiko.transport: Trying SSH key d9ec9713e1f1b5972076fe764d39faae
DEB [20150915-18:17:50.907] thr=4   paramiko.transport: userauth is OK
INF [20150915-18:17:50.912] thr=4   paramiko.transport: Authentication (publickey) successful!
DEB [20150915-18:17:50.914] thr=2   paramiko.transport: [chan 0] Max packet in: 32768 bytes
DEB [20150915-18:17:50.915] thr=4   paramiko.transport: [chan 0] Max packet out: 32768 bytes
DEB [20150915-18:17:50.915] thr=4   paramiko.transport: Secsh channel 0 opened.
DEB [20150915-18:17:50.917] thr=4   paramiko.transport: [chan 0] Sesch channel 0 request ok
DEB [20150915-18:17:51.022] thr=4   paramiko.transport: [chan 0] EOF received (0)
DEB [20150915-18:17:51.023] thr=4   paramiko.transport: [chan 0] EOF sent (0)
DEB [20150915-18:17:51.123] thr=4   paramiko.transport: EOF in transport thread
