DEB [20150916-14:01:58.774] thr=1   paramiko.transport: starting thread (client mode): 0xa3ea9510L
INF [20150916-14:01:58.779] thr=1   paramiko.transport: Connected (version 2.0, client OpenSSH_4.3)
DEB [20150916-14:01:58.779] thr=1   paramiko.transport: kex algos:[u'diffie-hellman-group-exchange-sha1', u'diffie-hellman-group14-sha1', u'diffie-hellman-group1-sha1'] server key:[u'ssh-rsa', u'ssh-dss'] client encrypt:[u'aes128-ctr', u'aes192-ctr', u'aes256-ctr', u'arcfour256', u'arcfour128', u'aes128-cbc', u'3des-cbc', u'blowfish-cbc', u'cast128-cbc', u'aes192-cbc', u'aes256-cbc', u'arcfour', u'rijndael-cbc@lysator.liu.se'] server encrypt:[u'aes128-ctr', u'aes192-ctr', u'aes256-ctr', u'arcfour256', u'arcfour128', u'aes128-cbc', u'3des-cbc', u'blowfish-cbc', u'cast128-cbc', u'aes192-cbc', u'aes256-cbc', u'arcfour', u'rijndael-cbc@lysator.liu.se'] client mac:[u'hmac-md5', u'hmac-sha1', u'hmac-ripemd160', u'hmac-ripemd160@openssh.com', u'hmac-sha1-96', u'hmac-md5-96'] server mac:[u'hmac-md5', u'hmac-sha1', u'hmac-ripemd160', u'hmac-ripemd160@openssh.com', u'hmac-sha1-96', u'hmac-md5-96'] client compress:[u'none', u'zlib@openssh.com'] server compress:[u'none', u'zlib@openssh.com'] client lang:[u''] server lang:[u''] kex follows?False
DEB [20150916-14:01:58.780] thr=1   paramiko.transport: Ciphers agreed: local=aes128-ctr, remote=aes128-ctr
DEB [20150916-14:01:58.780] thr=1   paramiko.transport: using kex diffie-hellman-group14-sha1; server key type ssh-rsa; cipher: local aes128-ctr, remote aes128-ctr; mac: local hmac-sha1, remote hmac-sha1; compression: local none, remote none
DEB [20150916-14:01:58.845] thr=1   paramiko.transport: Switch to new keys ...
DEB [20150916-14:01:58.852] thr=2   paramiko.transport: Adding ssh-rsa host key for 10.134.108.237: 3d0ae0a5c1f7ba43e6a0645a8a1e814a
DEB [20150916-14:01:58.853] thr=2   paramiko.transport: Trying SSH key d9ec9713e1f1b5972076fe764d39faae
DEB [20150916-14:01:58.885] thr=1   paramiko.transport: userauth is OK
INF [20150916-14:01:58.890] thr=1   paramiko.transport: Authentication (publickey) successful!
DEB [20150916-14:01:58.917] thr=2   paramiko.transport: [chan 0] Max packet in: 32768 bytes
DEB [20150916-14:01:58.918] thr=1   paramiko.transport: [chan 0] Max packet out: 32768 bytes
DEB [20150916-14:01:58.918] thr=1   paramiko.transport: Secsh channel 0 opened.
DEB [20150916-14:01:58.920] thr=1   paramiko.transport: [chan 0] Sesch channel 0 request ok
DEB [20150916-14:01:58.959] thr=1   paramiko.transport: [chan 0] EOF received (0)
DEB [20150916-14:01:58.960] thr=1   paramiko.transport: [chan 0] EOF sent (0)
DEB [20150916-14:01:59.060] thr=1   paramiko.transport: EOF in transport thread
DEB [20150916-14:01:59.099] thr=3   paramiko.transport: starting thread (client mode): 0xa3ea9a10L
INF [20150916-14:01:59.103] thr=3   paramiko.transport: Connected (version 2.0, client OpenSSH_4.3)
DEB [20150916-14:01:59.104] thr=3   paramiko.transport: kex algos:[u'diffie-hellman-group-exchange-sha1', u'diffie-hellman-group14-sha1', u'diffie-hellman-group1-sha1'] server key:[u'ssh-rsa', u'ssh-dss'] client encrypt:[u'aes128-ctr', u'aes192-ctr', u'aes256-ctr', u'arcfour256', u'arcfour128', u'aes128-cbc', u'3des-cbc', u'blowfish-cbc', u'cast128-cbc', u'aes192-cbc', u'aes256-cbc', u'arcfour', u'rijndael-cbc@lysator.liu.se'] server encrypt:[u'aes128-ctr', u'aes192-ctr', u'aes256-ctr', u'arcfour256', u'arcfour128', u'aes128-cbc', u'3des-cbc', u'blowfish-cbc', u'cast128-cbc', u'aes192-cbc', u'aes256-cbc', u'arcfour', u'rijndael-cbc@lysator.liu.se'] client mac:[u'hmac-md5', u'hmac-sha1', u'hmac-ripemd160', u'hmac-ripemd160@openssh.com', u'hmac-sha1-96', u'hmac-md5-96'] server mac:[u'hmac-md5', u'hmac-sha1', u'hmac-ripemd160', u'hmac-ripemd160@openssh.com', u'hmac-sha1-96', u'hmac-md5-96'] client compress:[u'none', u'zlib@openssh.com'] server compress:[u'none', u'zlib@openssh.com'] client lang:[u''] server lang:[u''] kex follows?False
DEB [20150916-14:01:59.104] thr=3   paramiko.transport: Ciphers agreed: local=aes128-ctr, remote=aes128-ctr
DEB [20150916-14:01:59.105] thr=3   paramiko.transport: using kex diffie-hellman-group14-sha1; server key type ssh-rsa; cipher: local aes128-ctr, remote aes128-ctr; mac: local hmac-sha1, remote hmac-sha1; compression: local none, remote none
DEB [20150916-14:01:59.146] thr=3   paramiko.transport: Switch to new keys ...
DEB [20150916-14:01:59.161] thr=2   paramiko.transport: Adding ssh-rsa host key for 10.134.108.237: 3d0ae0a5c1f7ba43e6a0645a8a1e814a
DEB [20150916-14:01:59.162] thr=2   paramiko.transport: Trying SSH key d9ec9713e1f1b5972076fe764d39faae
DEB [20150916-14:01:59.186] thr=3   paramiko.transport: userauth is OK
INF [20150916-14:01:59.191] thr=3   paramiko.transport: Authentication (publickey) successful!
DEB [20150916-14:01:59.194] thr=2   paramiko.transport: [chan 0] Max packet in: 32768 bytes
DEB [20150916-14:01:59.194] thr=3   paramiko.transport: [chan 0] Max packet out: 32768 bytes
DEB [20150916-14:01:59.195] thr=3   paramiko.transport: Secsh channel 0 opened.
DEB [20150916-14:01:59.196] thr=3   paramiko.transport: [chan 0] Sesch channel 0 request ok
DEB [20150916-14:01:59.237] thr=3   paramiko.transport: [chan 0] EOF received (0)
DEB [20150916-14:01:59.237] thr=3   paramiko.transport: [chan 0] EOF sent (0)
DEB [20150916-14:01:59.337] thr=3   paramiko.transport: EOF in transport thread
DEB [20150916-14:01:59.375] thr=4   paramiko.transport: starting thread (client mode): 0xa3ea9990L
INF [20150916-14:01:59.379] thr=4   paramiko.transport: Connected (version 2.0, client OpenSSH_4.3)
DEB [20150916-14:01:59.380] thr=4   paramiko.transport: kex algos:[u'diffie-hellman-group-exchange-sha1', u'diffie-hellman-group14-sha1', u'diffie-hellman-group1-sha1'] server key:[u'ssh-rsa', u'ssh-dss'] client encrypt:[u'aes128-ctr', u'aes192-ctr', u'aes256-ctr', u'arcfour256', u'arcfour128', u'aes128-cbc', u'3des-cbc', u'blowfish-cbc', u'cast128-cbc', u'aes192-cbc', u'aes256-cbc', u'arcfour', u'rijndael-cbc@lysator.liu.se'] server encrypt:[u'aes128-ctr', u'aes192-ctr', u'aes256-ctr', u'arcfour256', u'arcfour128', u'aes128-cbc', u'3des-cbc', u'blowfish-cbc', u'cast128-cbc', u'aes192-cbc', u'aes256-cbc', u'arcfour', u'rijndael-cbc@lysator.liu.se'] client mac:[u'hmac-md5', u'hmac-sha1', u'hmac-ripemd160', u'hmac-ripemd160@openssh.com', u'hmac-sha1-96', u'hmac-md5-96'] server mac:[u'hmac-md5', u'hmac-sha1', u'hmac-ripemd160', u'hmac-ripemd160@openssh.com', u'hmac-sha1-96', u'hmac-md5-96'] client compress:[u'none', u'zlib@openssh.com'] server compress:[u'none', u'zlib@openssh.com'] client lang:[u''] server lang:[u''] kex follows?False
DEB [20150916-14:01:59.380] thr=4   paramiko.transport: Ciphers agreed: local=aes128-ctr, remote=aes128-ctr
DEB [20150916-14:01:59.381] thr=4   paramiko.transport: using kex diffie-hellman-group14-sha1; server key type ssh-rsa; cipher: local aes128-ctr, remote aes128-ctr; mac: local hmac-sha1, remote hmac-sha1; compression: local none, remote none
DEB [20150916-14:01:59.422] thr=4   paramiko.transport: Switch to new keys ...
DEB [20150916-14:01:59.438] thr=2   paramiko.transport: Adding ssh-rsa host key for 10.134.108.237: 3d0ae0a5c1f7ba43e6a0645a8a1e814a
DEB [20150916-14:01:59.439] thr=2   paramiko.transport: Trying SSH key d9ec9713e1f1b5972076fe764d39faae
DEB [20150916-14:01:59.462] thr=4   paramiko.transport: userauth is OK
INF [20150916-14:01:59.467] thr=4   paramiko.transport: Authentication (publickey) successful!
DEB [20150916-14:01:59.471] thr=2   paramiko.transport: [chan 0] Max packet in: 32768 bytes
DEB [20150916-14:01:59.471] thr=4   paramiko.transport: [chan 0] Max packet out: 32768 bytes
DEB [20150916-14:01:59.471] thr=4   paramiko.transport: Secsh channel 0 opened.
DEB [20150916-14:01:59.473] thr=4   paramiko.transport: [chan 0] Sesch channel 0 request ok
DEB [20150916-14:01:59.513] thr=4   paramiko.transport: [chan 0] EOF received (0)
DEB [20150916-14:01:59.514] thr=4   paramiko.transport: [chan 0] EOF sent (0)
DEB [20150916-14:01:59.614] thr=4   paramiko.transport: EOF in transport thread
DEB [20150916-14:01:59.652] thr=5   paramiko.transport: starting thread (client mode): 0xa3ea98d0L
INF [20150916-14:01:59.656] thr=5   paramiko.transport: Connected (version 2.0, client OpenSSH_4.3)
DEB [20150916-14:01:59.657] thr=5   paramiko.transport: kex algos:[u'diffie-hellman-group-exchange-sha1', u'diffie-hellman-group14-sha1', u'diffie-hellman-group1-sha1'] server key:[u'ssh-rsa', u'ssh-dss'] client encrypt:[u'aes128-ctr', u'aes192-ctr', u'aes256-ctr', u'arcfour256', u'arcfour128', u'aes128-cbc', u'3des-cbc', u'blowfish-cbc', u'cast128-cbc', u'aes192-cbc', u'aes256-cbc', u'arcfour', u'rijndael-cbc@lysator.liu.se'] server encrypt:[u'aes128-ctr', u'aes192-ctr', u'aes256-ctr', u'arcfour256', u'arcfour128', u'aes128-cbc', u'3des-cbc', u'blowfish-cbc', u'cast128-cbc', u'aes192-cbc', u'aes256-cbc', u'arcfour', u'rijndael-cbc@lysator.liu.se'] client mac:[u'hmac-md5', u'hmac-sha1', u'hmac-ripemd160', u'hmac-ripemd160@openssh.com', u'hmac-sha1-96', u'hmac-md5-96'] server mac:[u'hmac-md5', u'hmac-sha1', u'hmac-ripemd160', u'hmac-ripemd160@openssh.com', u'hmac-sha1-96', u'hmac-md5-96'] client compress:[u'none', u'zlib@openssh.com'] server compress:[u'none', u'zlib@openssh.com'] client lang:[u''] server lang:[u''] kex follows?False
DEB [20150916-14:01:59.657] thr=5   paramiko.transport: Ciphers agreed: local=aes128-ctr, remote=aes128-ctr
DEB [20150916-14:01:59.658] thr=5   paramiko.transport: using kex diffie-hellman-group14-sha1; server key type ssh-rsa; cipher: local aes128-ctr, remote aes128-ctr; mac: local hmac-sha1, remote hmac-sha1; compression: local none, remote none
DEB [20150916-14:01:59.701] thr=5   paramiko.transport: Switch to new keys ...
DEB [20150916-14:01:59.717] thr=2   paramiko.transport: Adding ssh-rsa host key for 10.134.108.237: 3d0ae0a5c1f7ba43e6a0645a8a1e814a
DEB [20150916-14:01:59.717] thr=2   paramiko.transport: Trying SSH key d9ec9713e1f1b5972076fe764d39faae
DEB [20150916-14:01:59.741] thr=5   paramiko.transport: userauth is OK
INF [20150916-14:01:59.746] thr=5   paramiko.transport: Authentication (publickey) successful!
DEB [20150916-14:01:59.749] thr=2   paramiko.transport: [chan 0] Max packet in: 32768 bytes
DEB [20150916-14:01:59.750] thr=5   paramiko.transport: [chan 0] Max packet out: 32768 bytes
DEB [20150916-14:01:59.750] thr=5   paramiko.transport: Secsh channel 0 opened.
DEB [20150916-14:01:59.751] thr=5   paramiko.transport: [chan 0] Sesch channel 0 request ok
DEB [20150916-14:01:59.792] thr=5   paramiko.transport: [chan 0] EOF received (0)
DEB [20150916-14:01:59.792] thr=5   paramiko.transport: [chan 0] EOF sent (0)
DEB [20150916-14:01:59.892] thr=5   paramiko.transport: EOF in transport thread
DEB [20150916-14:01:59.930] thr=6   paramiko.transport: starting thread (client mode): 0xa3ea9910L
INF [20150916-14:01:59.934] thr=6   paramiko.transport: Connected (version 2.0, client OpenSSH_4.3)
DEB [20150916-14:01:59.935] thr=6   paramiko.transport: kex algos:[u'diffie-hellman-group-exchange-sha1', u'diffie-hellman-group14-sha1', u'diffie-hellman-group1-sha1'] server key:[u'ssh-rsa', u'ssh-dss'] client encrypt:[u'aes128-ctr', u'aes192-ctr', u'aes256-ctr', u'arcfour256', u'arcfour128', u'aes128-cbc', u'3des-cbc', u'blowfish-cbc', u'cast128-cbc', u'aes192-cbc', u'aes256-cbc', u'arcfour', u'rijndael-cbc@lysator.liu.se'] server encrypt:[u'aes128-ctr', u'aes192-ctr', u'aes256-ctr', u'arcfour256', u'arcfour128', u'aes128-cbc', u'3des-cbc', u'blowfish-cbc', u'cast128-cbc', u'aes192-cbc', u'aes256-cbc', u'arcfour', u'rijndael-cbc@lysator.liu.se'] client mac:[u'hmac-md5', u'hmac-sha1', u'hmac-ripemd160', u'hmac-ripemd160@openssh.com', u'hmac-sha1-96', u'hmac-md5-96'] server mac:[u'hmac-md5', u'hmac-sha1', u'hmac-ripemd160', u'hmac-ripemd160@openssh.com', u'hmac-sha1-96', u'hmac-md5-96'] client compress:[u'none', u'zlib@openssh.com'] server compress:[u'none', u'zlib@openssh.com'] client lang:[u''] server lang:[u''] kex follows?False
DEB [20150916-14:01:59.935] thr=6   paramiko.transport: Ciphers agreed: local=aes128-ctr, remote=aes128-ctr
DEB [20150916-14:01:59.935] thr=6   paramiko.transport: using kex diffie-hellman-group14-sha1; server key type ssh-rsa; cipher: local aes128-ctr, remote aes128-ctr; mac: local hmac-sha1, remote hmac-sha1; compression: local none, remote none
DEB [20150916-14:01:59.979] thr=6   paramiko.transport: Switch to new keys ...
DEB [20150916-14:01:59.995] thr=2   paramiko.transport: Adding ssh-rsa host key for 10.134.108.237: 3d0ae0a5c1f7ba43e6a0645a8a1e814a
DEB [20150916-14:01:59.995] thr=2   paramiko.transport: Trying SSH key d9ec9713e1f1b5972076fe764d39faae
DEB [20150916-14:02:00.020] thr=6   paramiko.transport: userauth is OK
INF [20150916-14:02:00.025] thr=6   paramiko.transport: Authentication (publickey) successful!
DEB [20150916-14:02:00.027] thr=2   paramiko.transport: [chan 0] Max packet in: 32768 bytes
DEB [20150916-14:02:00.028] thr=6   paramiko.transport: [chan 0] Max packet out: 32768 bytes
DEB [20150916-14:02:00.028] thr=6   paramiko.transport: Secsh channel 0 opened.
DEB [20150916-14:02:00.030] thr=6   paramiko.transport: [chan 0] Sesch channel 0 request ok
DEB [20150916-14:02:00.069] thr=6   paramiko.transport: [chan 0] EOF received (0)
DEB [20150916-14:02:00.070] thr=6   paramiko.transport: [chan 0] EOF sent (0)
DEB [20150916-14:02:00.170] thr=6   paramiko.transport: EOF in transport thread
DEB [20150916-14:02:00.208] thr=7   paramiko.transport: starting thread (client mode): 0xa3ebef50L
INF [20150916-14:02:00.212] thr=7   paramiko.transport: Connected (version 2.0, client OpenSSH_4.3)
DEB [20150916-14:02:00.213] thr=7   paramiko.transport: kex algos:[u'diffie-hellman-group-exchange-sha1', u'diffie-hellman-group14-sha1', u'diffie-hellman-group1-sha1'] server key:[u'ssh-rsa', u'ssh-dss'] client encrypt:[u'aes128-ctr', u'aes192-ctr', u'aes256-ctr', u'arcfour256', u'arcfour128', u'aes128-cbc', u'3des-cbc', u'blowfish-cbc', u'cast128-cbc', u'aes192-cbc', u'aes256-cbc', u'arcfour', u'rijndael-cbc@lysator.liu.se'] server encrypt:[u'aes128-ctr', u'aes192-ctr', u'aes256-ctr', u'arcfour256', u'arcfour128', u'aes128-cbc', u'3des-cbc', u'blowfish-cbc', u'cast128-cbc', u'aes192-cbc', u'aes256-cbc', u'arcfour', u'rijndael-cbc@lysator.liu.se'] client mac:[u'hmac-md5', u'hmac-sha1', u'hmac-ripemd160', u'hmac-ripemd160@openssh.com', u'hmac-sha1-96', u'hmac-md5-96'] server mac:[u'hmac-md5', u'hmac-sha1', u'hmac-ripemd160', u'hmac-ripemd160@openssh.com', u'hmac-sha1-96', u'hmac-md5-96'] client compress:[u'none', u'zlib@openssh.com'] server compress:[u'none', u'zlib@openssh.com'] client lang:[u''] server lang:[u''] kex follows?False
DEB [20150916-14:02:00.213] thr=7   paramiko.transport: Ciphers agreed: local=aes128-ctr, remote=aes128-ctr
DEB [20150916-14:02:00.213] thr=7   paramiko.transport: using kex diffie-hellman-group14-sha1; server key type ssh-rsa; cipher: local aes128-ctr, remote aes128-ctr; mac: local hmac-sha1, remote hmac-sha1; compression: local none, remote none
DEB [20150916-14:02:00.257] thr=7   paramiko.transport: Switch to new keys ...
DEB [20150916-14:02:00.273] thr=2   paramiko.transport: Adding ssh-rsa host key for 10.134.108.237: 3d0ae0a5c1f7ba43e6a0645a8a1e814a
DEB [20150916-14:02:00.274] thr=2   paramiko.transport: Trying discovered key d9ec9713e1f1b5972076fe764d39faae in /root/.ssh/id_dsa
DEB [20150916-14:02:00.297] thr=7   paramiko.transport: userauth is OK
INF [20150916-14:02:00.301] thr=7   paramiko.transport: Authentication (publickey) successful!
DEB [20150916-14:02:00.305] thr=2   paramiko.transport: [chan 0] Max packet in: 32768 bytes
DEB [20150916-14:02:00.306] thr=7   paramiko.transport: [chan 0] Max packet out: 32768 bytes
DEB [20150916-14:02:00.306] thr=7   paramiko.transport: Secsh channel 0 opened.
DEB [20150916-14:02:00.308] thr=7   paramiko.transport: [chan 0] Sesch channel 0 request ok
DEB [20150916-14:02:00.349] thr=7   paramiko.transport: [chan 0] EOF received (0)
DEB [20150916-14:02:00.351] thr=8   paramiko.transport: starting thread (client mode): 0xa3ea9710L
INF [20150916-14:02:00.355] thr=8   paramiko.transport: Connected (version 2.0, client OpenSSH_4.3)
DEB [20150916-14:02:00.356] thr=8   paramiko.transport: kex algos:[u'diffie-hellman-group-exchange-sha1', u'diffie-hellman-group14-sha1', u'diffie-hellman-group1-sha1'] server key:[u'ssh-rsa', u'ssh-dss'] client encrypt:[u'aes128-ctr', u'aes192-ctr', u'aes256-ctr', u'arcfour256', u'arcfour128', u'aes128-cbc', u'3des-cbc', u'blowfish-cbc', u'cast128-cbc', u'aes192-cbc', u'aes256-cbc', u'arcfour', u'rijndael-cbc@lysator.liu.se'] server encrypt:[u'aes128-ctr', u'aes192-ctr', u'aes256-ctr', u'arcfour256', u'arcfour128', u'aes128-cbc', u'3des-cbc', u'blowfish-cbc', u'cast128-cbc', u'aes192-cbc', u'aes256-cbc', u'arcfour', u'rijndael-cbc@lysator.liu.se'] client mac:[u'hmac-md5', u'hmac-sha1', u'hmac-ripemd160', u'hmac-ripemd160@openssh.com', u'hmac-sha1-96', u'hmac-md5-96'] server mac:[u'hmac-md5', u'hmac-sha1', u'hmac-ripemd160', u'hmac-ripemd160@openssh.com', u'hmac-sha1-96', u'hmac-md5-96'] client compress:[u'none', u'zlib@openssh.com'] server compress:[u'none', u'zlib@openssh.com'] client lang:[u''] server lang:[u''] kex follows?False
DEB [20150916-14:02:00.356] thr=8   paramiko.transport: Ciphers agreed: local=aes128-ctr, remote=aes128-ctr
DEB [20150916-14:02:00.356] thr=8   paramiko.transport: using kex diffie-hellman-group14-sha1; server key type ssh-rsa; cipher: local aes128-ctr, remote aes128-ctr; mac: local hmac-sha1, remote hmac-sha1; compression: local none, remote none
DEB [20150916-14:02:00.399] thr=8   paramiko.transport: Switch to new keys ...
DEB [20150916-14:02:00.414] thr=2   paramiko.transport: Adding ssh-rsa host key for 10.134.108.237: 3d0ae0a5c1f7ba43e6a0645a8a1e814a
DEB [20150916-14:02:00.415] thr=2   paramiko.transport: Trying discovered key d9ec9713e1f1b5972076fe764d39faae in /root/.ssh/id_dsa
DEB [20150916-14:02:00.439] thr=8   paramiko.transport: userauth is OK
INF [20150916-14:02:00.443] thr=8   paramiko.transport: Authentication (publickey) successful!
DEB [20150916-14:02:00.447] thr=2   paramiko.transport: [chan 0] Max packet in: 32768 bytes
DEB [20150916-14:02:00.448] thr=8   paramiko.transport: [chan 0] Max packet out: 32768 bytes
DEB [20150916-14:02:00.448] thr=8   paramiko.transport: Secsh channel 0 opened.
DEB [20150916-14:02:00.450] thr=8   paramiko.transport: [chan 0] Sesch channel 0 request ok
DEB [20150916-14:02:00.490] thr=8   paramiko.transport: [chan 0] EOF received (0)
DEB [20150916-14:02:00.493] thr=9   paramiko.transport: starting thread (client mode): 0xa3ebee90L
INF [20150916-14:02:00.496] thr=9   paramiko.transport: Connected (version 2.0, client OpenSSH_4.3)
DEB [20150916-14:02:00.497] thr=9   paramiko.transport: kex algos:[u'diffie-hellman-group-exchange-sha1', u'diffie-hellman-group14-sha1', u'diffie-hellman-group1-sha1'] server key:[u'ssh-rsa', u'ssh-dss'] client encrypt:[u'aes128-ctr', u'aes192-ctr', u'aes256-ctr', u'arcfour256', u'arcfour128', u'aes128-cbc', u'3des-cbc', u'blowfish-cbc', u'cast128-cbc', u'aes192-cbc', u'aes256-cbc', u'arcfour', u'rijndael-cbc@lysator.liu.se'] server encrypt:[u'aes128-ctr', u'aes192-ctr', u'aes256-ctr', u'arcfour256', u'arcfour128', u'aes128-cbc', u'3des-cbc', u'blowfish-cbc', u'cast128-cbc', u'aes192-cbc', u'aes256-cbc', u'arcfour', u'rijndael-cbc@lysator.liu.se'] client mac:[u'hmac-md5', u'hmac-sha1', u'hmac-ripemd160', u'hmac-ripemd160@openssh.com', u'hmac-sha1-96', u'hmac-md5-96'] server mac:[u'hmac-md5', u'hmac-sha1', u'hmac-ripemd160', u'hmac-ripemd160@openssh.com', u'hmac-sha1-96', u'hmac-md5-96'] client compress:[u'none', u'zlib@openssh.com'] server compress:[u'none', u'zlib@openssh.com'] client lang:[u''] server lang:[u''] kex follows?False
DEB [20150916-14:02:00.498] thr=9   paramiko.transport: Ciphers agreed: local=aes128-ctr, remote=aes128-ctr
DEB [20150916-14:02:00.498] thr=9   paramiko.transport: using kex diffie-hellman-group14-sha1; server key type ssh-rsa; cipher: local aes128-ctr, remote aes128-ctr; mac: local hmac-sha1, remote hmac-sha1; compression: local none, remote none
DEB [20150916-14:02:00.540] thr=9   paramiko.transport: Switch to new keys ...
DEB [20150916-14:02:00.555] thr=2   paramiko.transport: Adding ssh-rsa host key for 10.134.108.237: 3d0ae0a5c1f7ba43e6a0645a8a1e814a
DEB [20150916-14:02:00.556] thr=2   paramiko.transport: Trying SSH key d9ec9713e1f1b5972076fe764d39faae
DEB [20150916-14:02:00.580] thr=9   paramiko.transport: userauth is OK
INF [20150916-14:02:00.584] thr=9   paramiko.transport: Authentication (publickey) successful!
DEB [20150916-14:02:00.588] thr=2   paramiko.transport: [chan 0] Max packet in: 32768 bytes
DEB [20150916-14:02:00.588] thr=9   paramiko.transport: [chan 0] Max packet out: 32768 bytes
DEB [20150916-14:02:00.588] thr=9   paramiko.transport: Secsh channel 0 opened.
DEB [20150916-14:02:00.590] thr=9   paramiko.transport: [chan 0] Sesch channel 0 request ok
DEB [20150916-14:02:00.631] thr=9   paramiko.transport: [chan 0] EOF received (0)
DEB [20150916-14:02:00.631] thr=9   paramiko.transport: [chan 0] EOF sent (0)
DEB [20150916-14:02:00.732] thr=9   paramiko.transport: EOF in transport thread
DEB [20150916-14:02:00.931] thr=1   paramiko.transport: starting thread (client mode): 0xa3ea9510L
INF [20150916-14:02:00.934] thr=1   paramiko.transport: Connected (version 2.0, client OpenSSH_4.3)
DEB [20150916-14:02:00.935] thr=1   paramiko.transport: kex algos:[u'diffie-hellman-group-exchange-sha1', u'diffie-hellman-group14-sha1', u'diffie-hellman-group1-sha1'] server key:[u'ssh-rsa', u'ssh-dss'] client encrypt:[u'aes128-ctr', u'aes192-ctr', u'aes256-ctr', u'arcfour256', u'arcfour128', u'aes128-cbc', u'3des-cbc', u'blowfish-cbc', u'cast128-cbc', u'aes192-cbc', u'aes256-cbc', u'arcfour', u'rijndael-cbc@lysator.liu.se'] server encrypt:[u'aes128-ctr', u'aes192-ctr', u'aes256-ctr', u'arcfour256', u'arcfour128', u'aes128-cbc', u'3des-cbc', u'blowfish-cbc', u'cast128-cbc', u'aes192-cbc', u'aes256-cbc', u'arcfour', u'rijndael-cbc@lysator.liu.se'] client mac:[u'hmac-md5', u'hmac-sha1', u'hmac-ripemd160', u'hmac-ripemd160@openssh.com', u'hmac-sha1-96', u'hmac-md5-96'] server mac:[u'hmac-md5', u'hmac-sha1', u'hmac-ripemd160', u'hmac-ripemd160@openssh.com', u'hmac-sha1-96', u'hmac-md5-96'] client compress:[u'none', u'zlib@openssh.com'] server compress:[u'none', u'zlib@openssh.com'] client lang:[u''] server lang:[u''] kex follows?False
DEB [20150916-14:02:00.936] thr=1   paramiko.transport: Ciphers agreed: local=aes128-ctr, remote=aes128-ctr
DEB [20150916-14:02:00.936] thr=1   paramiko.transport: using kex diffie-hellman-group14-sha1; server key type ssh-rsa; cipher: local aes128-ctr, remote aes128-ctr; mac: local hmac-sha1, remote hmac-sha1; compression: local none, remote none
DEB [20150916-14:02:00.978] thr=1   paramiko.transport: Switch to new keys ...
DEB [20150916-14:02:00.994] thr=2   paramiko.transport: Adding ssh-rsa host key for 10.134.108.237: 3d0ae0a5c1f7ba43e6a0645a8a1e814a
DEB [20150916-14:02:00.994] thr=2   paramiko.transport: Trying SSH key d9ec9713e1f1b5972076fe764d39faae
DEB [20150916-14:02:01.019] thr=1   paramiko.transport: userauth is OK
INF [20150916-14:02:01.023] thr=1   paramiko.transport: Authentication (publickey) successful!
DEB [20150916-14:02:01.026] thr=2   paramiko.transport: [chan 0] Max packet in: 32768 bytes
DEB [20150916-14:02:01.027] thr=1   paramiko.transport: [chan 0] Max packet out: 32768 bytes
DEB [20150916-14:02:01.027] thr=1   paramiko.transport: Secsh channel 0 opened.
DEB [20150916-14:02:01.029] thr=1   paramiko.transport: [chan 0] Sesch channel 0 request ok
DEB [20150916-14:02:44.499] thr=1   paramiko.transport: EOF in transport thread
DEB [20150916-14:02:44.504] thr=10  paramiko.transport: starting thread (client mode): 0xa3ebe450L
INF [20150916-14:02:44.509] thr=10  paramiko.transport: Connected (version 2.0, client OpenSSH_4.3)
DEB [20150916-14:02:44.510] thr=10  paramiko.transport: kex algos:[u'diffie-hellman-group-exchange-sha1', u'diffie-hellman-group14-sha1', u'diffie-hellman-group1-sha1'] server key:[u'ssh-rsa', u'ssh-dss'] client encrypt:[u'aes128-ctr', u'aes192-ctr', u'aes256-ctr', u'arcfour256', u'arcfour128', u'aes128-cbc', u'3des-cbc', u'blowfish-cbc', u'cast128-cbc', u'aes192-cbc', u'aes256-cbc', u'arcfour', u'rijndael-cbc@lysator.liu.se'] server encrypt:[u'aes128-ctr', u'aes192-ctr', u'aes256-ctr', u'arcfour256', u'arcfour128', u'aes128-cbc', u'3des-cbc', u'blowfish-cbc', u'cast128-cbc', u'aes192-cbc', u'aes256-cbc', u'arcfour', u'rijndael-cbc@lysator.liu.se'] client mac:[u'hmac-md5', u'hmac-sha1', u'hmac-ripemd160', u'hmac-ripemd160@openssh.com', u'hmac-sha1-96', u'hmac-md5-96'] server mac:[u'hmac-md5', u'hmac-sha1', u'hmac-ripemd160', u'hmac-ripemd160@openssh.com', u'hmac-sha1-96', u'hmac-md5-96'] client compress:[u'none', u'zlib@openssh.com'] server compress:[u'none', u'zlib@openssh.com'] client lang:[u''] server lang:[u''] kex follows?False
DEB [20150916-14:02:44.510] thr=10  paramiko.transport: Ciphers agreed: local=aes128-ctr, remote=aes128-ctr
DEB [20150916-14:02:44.510] thr=10  paramiko.transport: using kex diffie-hellman-group14-sha1; server key type ssh-rsa; cipher: local aes128-ctr, remote aes128-ctr; mac: local hmac-sha1, remote hmac-sha1; compression: local none, remote none
DEB [20150916-14:02:44.553] thr=10  paramiko.transport: Switch to new keys ...
DEB [20150916-14:02:44.570] thr=2   paramiko.transport: Adding ssh-rsa host key for 10.134.108.237: 3d0ae0a5c1f7ba43e6a0645a8a1e814a
DEB [20150916-14:02:44.571] thr=2   paramiko.transport: Trying SSH key d9ec9713e1f1b5972076fe764d39faae
DEB [20150916-14:02:44.593] thr=10  paramiko.transport: userauth is OK
INF [20150916-14:02:44.598] thr=10  paramiko.transport: Authentication (publickey) successful!
DEB [20150916-14:02:44.603] thr=2   paramiko.transport: [chan 0] Max packet in: 32768 bytes
DEB [20150916-14:02:44.604] thr=10  paramiko.transport: [chan 0] Max packet out: 32768 bytes
DEB [20150916-14:02:44.604] thr=10  paramiko.transport: Secsh channel 0 opened.
DEB [20150916-14:02:44.605] thr=10  paramiko.transport: [chan 0] Sesch channel 0 request ok
DEB [20150916-14:02:44.645] thr=10  paramiko.transport: [chan 0] EOF received (0)
DEB [20150916-14:02:44.646] thr=10  paramiko.transport: [chan 0] EOF sent (0)
DEB [20150916-14:02:44.746] thr=10  paramiko.transport: EOF in transport thread
