2015-06-24 10:26:25,915 my_lib.py[line:295] ERROR 
2015-06-24 10:27:22,808 my_lib.py[line:295] ERROR [1;31;40m**Error**[0m ç½‘ç»œä¸å¯è¾¾!

2015-06-24 10:27:33,158 my_lib.py[line:295] ERROR [1;31;40m**Error**[0m ç½‘ç»œä¸å¯è¾¾!

2015-06-24 10:27:46,390 my_lib.py[line:295] ERROR [1;31;40m**Error**[0m ç½‘ç»œä¸å¯è¾¾!

2015-06-24 10:30:04,503 my_lib.py[line:295] ERROR [1;31;40m**Error**[0m è¾“å…¥çš„é€‰é¡¹ä¸æ­£ç¡®.

2015-06-24 10:30:46,800 my_lib.py[line:292] INFO [1;32;40m**Success**[0m bizopå¹³å°ä¿¡æ¯æ›´æ–°æˆåŠŸ.

2015-06-24 10:30:46,801 my_lib.py[line:292] INFO [1;32;40m**Success**[0m åˆ‡æ¢vlan ip æˆåŠŸ!

2015-06-24 10:30:46,835 my_lib.py[line:292] INFO [1;32;40m**Success**[0m å‘é€é‚®ä»¶ æˆåŠŸ!

2015-06-24 11:15:23,311 my_lib.py[line:295] ERROR [1;31;40m**Error**[0m è¾“å…¥çš„ipåœ°å€éæ³•!

2015-06-24 11:16:10,598 my_lib.py[line:295] ERROR 
2015-06-24 11:18:05,108 my_lib.py[line:295] ERROR [1;31;40m**Error**[0m ç½‘ç»œä¸å¯è¾¾!

2015-06-24 11:18:45,267 my_lib.py[line:292] INFO [1;31;40m**Error**[0m vlan ip æœªé…ç½®!æ— æ³•æ¸…ç†.

2015-06-24 11:18:58,826 my_lib.py[line:292] INFO [1;31;40m**Error**[0m vlan ip æœªé…ç½®!æ— æ³•æ¸…ç†.

2015-06-24 11:21:01,078 my_lib.py[line:292] INFO exit
2015-06-24 11:26:18,117 my_lib.py[line:295] ERROR [1;31;40m**Error**[0m ç½‘ç»œä¸å¯è¾¾!

2015-06-24 11:26:25,204 my_lib.py[line:295] ERROR [1;31;40m**Error**[0m ç½‘ç»œä¸å¯è¾¾!

2015-06-24 11:26:28,469 my_lib.py[line:295] ERROR [1;31;40m**Error**[0m ç½‘ç»œä¸å¯è¾¾!

2015-06-24 11:28:15,656 my_lib.py[line:296] ERROR æ¨¡å—ä¸å­˜åœ¨ï¼Œæ— æ³•è·å–ä¿¡æ¯!
2015-06-24 11:28:15,656 my_lib.py[line:296] ERROR [1;31;40m**Error**[0m æ— æ³•è·å–ä¸»æœºä¿¡æ¯.

2015-06-24 11:34:27,709 my_lib.py[line:297] ERROR [1;31;40m**Error**[0m è¾“å…¥çš„é€‰é¡¹ä¸æ­£ç¡®.

2015-06-24 11:36:05,315 my_lib.py[line:296] ERROR [1;31;40m**Error**[0m éæ³•å‚æ•°ï¼Œè¯·é‡æ–°è¾“å…¥!

2015-06-24 11:36:05,315 my_lib.py[line:296] ERROR [1;31;40m**Error**[0m æ— æ³•è·å–ä¸»æœºä¿¡æ¯.

2015-06-24 11:37:14,795 my_lib.py[line:293] INFO [1;31;40m**Success**[0m é€€å‡ºéƒ¨ç½².

2015-06-24 11:37:19,555 my_lib.py[line:296] ERROR [1;31;40m**Error**[0m éæ³•å‚æ•°ï¼Œè¯·é‡æ–°è¾“å…¥!

2015-06-24 11:37:19,556 my_lib.py[line:296] ERROR [1;31;40m**Error**[0m æ— æ³•è·å–ä¸»æœºä¿¡æ¯.

2015-06-24 11:37:35,994 my_lib.py[line:293] INFO exit
2015-06-24 11:37:40,405 my_lib.py[line:296] ERROR [1;31;40m**Error**[0m ç½‘ç»œä¸å¯è¾¾!

2015-06-24 11:37:43,507 my_lib.py[line:296] ERROR [1;31;40m**Error**[0m ç½‘ç»œä¸å¯è¾¾!

2015-06-24 11:38:15,603 my_lib.py[line:296] ERROR [1;31;40m**Error**[0m ç½‘ç»œä¸å¯è¾¾!

2015-06-24 11:38:25,179 my_lib.py[line:296] ERROR [1;31;40m**Error**[0m ç½‘ç»œä¸å¯è¾¾!

2015-06-24 11:39:03,030 my_lib.py[line:296] ERROR [1;31;40m**Error**[0m è¾“å…¥çš„ipåœ°å€éæ³•!

2015-06-24 11:39:12,328 my_lib.py[line:296] ERROR [1;31;40m**Error**[0m ç½‘ç»œä¸å¯è¾¾!

2015-06-24 11:39:33,560 my_lib.py[line:296] ERROR Authentication failed.
2015-06-24 11:40:22,192 my_lib.py[line:296] ERROR [1;31;40m**Error**[0m è¾“å…¥çš„ipåœ°å€éæ³•!

2015-06-24 11:40:22,205 my_lib.py[line:296] ERROR [1;31;40m**Error**[0m è¾“å…¥çš„ipåœ°å€éæ³•!

2015-06-24 11:40:22,224 my_lib.py[line:296] ERROR [1;31;40m**Error**[0m è¾“å…¥çš„ipåœ°å€éæ³•!

2015-06-24 11:40:22,234 my_lib.py[line:296] ERROR [1;31;40m**Error**[0m è¾“å…¥çš„ipåœ°å€éæ³•!

2015-06-24 11:40:22,254 my_lib.py[line:296] ERROR [1;31;40m**Error**[0m è¾“å…¥çš„ipåœ°å€éæ³•!

2015-06-24 11:40:22,305 my_lib.py[line:296] ERROR [1;31;40m**Error**[0m è¾“å…¥çš„ipåœ°å€éæ³•!

2015-06-24 11:40:22,314 my_lib.py[line:296] ERROR [1;31;40m**Error**[0m è¾“å…¥çš„ipåœ°å€éæ³•!

2015-06-24 11:40:22,332 my_lib.py[line:296] ERROR [1;31;40m**Error**[0m è¾“å…¥çš„ipåœ°å€éæ³•!

2015-06-24 11:40:22,347 my_lib.py[line:296] ERROR [1;31;40m**Error**[0m è¾“å…¥çš„ipåœ°å€éæ³•!

2015-06-24 11:40:23,394 my_lib.py[line:296] ERROR [1;31;40m**Error**[0m è¾“å…¥çš„ipåœ°å€éæ³•!

2015-06-24 11:40:29,420 my_lib.py[line:296] ERROR Authentication failed.
2015-06-24 11:48:16,295 my_lib.py[line:297] ERROR æ¨¡å—ä¸å­˜åœ¨ï¼Œæ— æ³•è·å–ä¿¡æ¯!
2015-06-24 11:48:16,295 my_lib.py[line:297] ERROR [1;31;40m**Error**[0m æ— æ³•è·å–ä¸»æœºä¿¡æ¯.

2015-06-24 11:48:23,443 my_lib.py[line:297] ERROR [1;31;40m**Error**[0m è¾“å…¥çš„æ¨¡å—åéæ³•!

2015-06-24 11:48:28,995 my_lib.py[line:294] INFO exit
2015-06-24 11:48:33,799 my_lib.py[line:297] ERROR Authentication failed.
2015-06-24 11:50:06,264 my_lib.py[line:299] ERROR [1;31;40m**Error**[0m è¾“å…¥çš„æ¨¡å—åéæ³•!

2015-06-24 11:50:44,648 my_lib.py[line:296] INFO [1;32;40mã€ è¯·è¾“å…¥y/n ã€‘ [0m
2015-06-24 11:50:50,938 my_lib.py[line:299] ERROR æ¨¡å—ä¸å­˜åœ¨ï¼Œæ— æ³•è·å–ä¿¡æ¯!
2015-06-24 11:50:50,938 my_lib.py[line:299] ERROR [1;31;40m**Error**[0m æ— æ³•è·å–ä¸»æœºä¿¡æ¯.

2015-06-24 11:51:25,979 my_lib.py[line:296] INFO [1;32;40m**Success**[0m bizopå¹³å°ä¿¡æ¯æ›´æ–°æˆåŠŸ.

2015-06-24 11:51:25,980 my_lib.py[line:296] INFO [1;32;40m**Success**[0m åˆ‡æ¢vlan ip æˆåŠŸ!

2015-06-24 11:51:25,998 my_lib.py[line:296] INFO [1;32;40m**Success**[0m å‘é€é‚®ä»¶ æˆåŠŸ!

2015-06-24 11:51:39,558 my_lib.py[line:299] ERROR æ¨¡å—ä¸å­˜åœ¨ï¼Œæ— æ³•è·å–ä¿¡æ¯!
2015-06-24 11:51:39,558 my_lib.py[line:299] ERROR [1;31;40m**Error**[0m æ— æ³•è·å–ä¸»æœºä¿¡æ¯.

2015-06-24 11:51:39,644 my_lib.py[line:299] ERROR æ¨¡å—ä¸å­˜åœ¨ï¼Œæ— æ³•è·å–ä¿¡æ¯!
2015-06-24 11:51:39,644 my_lib.py[line:299] ERROR [1;31;40m**Error**[0m æ— æ³•è·å–ä¸»æœºä¿¡æ¯.

2015-06-24 11:51:39,733 my_lib.py[line:299] ERROR æ¨¡å—ä¸å­˜åœ¨ï¼Œæ— æ³•è·å–ä¿¡æ¯!
2015-06-24 11:51:39,733 my_lib.py[line:299] ERROR [1;31;40m**Error**[0m æ— æ³•è·å–ä¸»æœºä¿¡æ¯.

2015-06-24 11:51:39,819 my_lib.py[line:299] ERROR æ¨¡å—ä¸å­˜åœ¨ï¼Œæ— æ³•è·å–ä¿¡æ¯!
2015-06-24 11:51:39,820 my_lib.py[line:299] ERROR [1;31;40m**Error**[0m æ— æ³•è·å–ä¸»æœºä¿¡æ¯.

2015-06-24 11:51:39,906 my_lib.py[line:299] ERROR æ¨¡å—ä¸å­˜åœ¨ï¼Œæ— æ³•è·å–ä¿¡æ¯!
2015-06-24 11:51:39,906 my_lib.py[line:299] ERROR [1;31;40m**Error**[0m æ— æ³•è·å–ä¸»æœºä¿¡æ¯.

2015-06-24 11:51:39,995 my_lib.py[line:299] ERROR æ¨¡å—ä¸å­˜åœ¨ï¼Œæ— æ³•è·å–ä¿¡æ¯!
2015-06-24 11:51:39,996 my_lib.py[line:299] ERROR [1;31;40m**Error**[0m æ— æ³•è·å–ä¸»æœºä¿¡æ¯.

2015-06-24 11:51:40,083 my_lib.py[line:299] ERROR æ¨¡å—ä¸å­˜åœ¨ï¼Œæ— æ³•è·å–ä¿¡æ¯!
2015-06-24 11:51:40,084 my_lib.py[line:299] ERROR [1;31;40m**Error**[0m æ— æ³•è·å–ä¸»æœºä¿¡æ¯.

2015-06-24 11:51:40,170 my_lib.py[line:299] ERROR æ¨¡å—ä¸å­˜åœ¨ï¼Œæ— æ³•è·å–ä¿¡æ¯!
2015-06-24 11:51:40,170 my_lib.py[line:299] ERROR [1;31;40m**Error**[0m æ— æ³•è·å–ä¸»æœºä¿¡æ¯.

2015-06-24 11:51:40,257 my_lib.py[line:299] ERROR æ¨¡å—ä¸å­˜åœ¨ï¼Œæ— æ³•è·å–ä¿¡æ¯!
2015-06-24 11:51:40,258 my_lib.py[line:299] ERROR [1;31;40m**Error**[0m æ— æ³•è·å–ä¸»æœºä¿¡æ¯.

2015-06-24 11:51:40,342 my_lib.py[line:299] ERROR æ¨¡å—ä¸å­˜åœ¨ï¼Œæ— æ³•è·å–ä¿¡æ¯!
2015-06-24 11:51:40,342 my_lib.py[line:299] ERROR [1;31;40m**Error**[0m æ— æ³•è·å–ä¸»æœºä¿¡æ¯.

2015-06-24 11:51:40,427 my_lib.py[line:299] ERROR æ¨¡å—ä¸å­˜åœ¨ï¼Œæ— æ³•è·å–ä¿¡æ¯!
2015-06-24 11:51:40,427 my_lib.py[line:299] ERROR [1;31;40m**Error**[0m æ— æ³•è·å–ä¸»æœºä¿¡æ¯.

2015-06-24 11:51:40,514 my_lib.py[line:299] ERROR æ¨¡å—ä¸å­˜åœ¨ï¼Œæ— æ³•è·å–ä¿¡æ¯!
2015-06-24 11:51:40,514 my_lib.py[line:299] ERROR [1;31;40m**Error**[0m æ— æ³•è·å–ä¸»æœºä¿¡æ¯.

2015-06-24 11:51:40,598 my_lib.py[line:299] ERROR æ¨¡å—ä¸å­˜åœ¨ï¼Œæ— æ³•è·å–ä¿¡æ¯!
2015-06-24 11:51:40,599 my_lib.py[line:299] ERROR [1;31;40m**Error**[0m æ— æ³•è·å–ä¸»æœºä¿¡æ¯.

2015-06-24 11:51:40,683 my_lib.py[line:299] ERROR æ¨¡å—ä¸å­˜åœ¨ï¼Œæ— æ³•è·å–ä¿¡æ¯!
2015-06-24 11:51:40,683 my_lib.py[line:299] ERROR [1;31;40m**Error**[0m æ— æ³•è·å–ä¸»æœºä¿¡æ¯.

2015-06-24 11:51:49,301 my_lib.py[line:299] ERROR æ¨¡å—ä¸å­˜åœ¨ï¼Œæ— æ³•è·å–ä¿¡æ¯!
2015-06-24 11:51:49,301 my_lib.py[line:299] ERROR [1;31;40m**Error**[0m æ— æ³•è·å–ä¸»æœºä¿¡æ¯.

2015-06-24 11:52:42,139 my_lib.py[line:296] INFO [1;32;40m**Success**[0m bizopå¹³å°ä¿¡æ¯æ›´æ–°æˆåŠŸ.

2015-06-24 11:52:42,140 my_lib.py[line:296] INFO [1;32;40m**Success**[0m åˆ‡æ¢vlan ip æˆåŠŸ!

2015-06-24 11:52:42,158 my_lib.py[line:296] INFO [1;32;40m**Success**[0m å‘é€é‚®ä»¶ æˆåŠŸ!

2015-06-24 11:52:54,113 my_lib.py[line:296] INFO [1;32;40mã€ è¯·è¾“å…¥y/n ã€‘ [0m
2015-06-24 11:52:54,114 my_lib.py[line:296] INFO [1;32;40mã€ è¯·è¾“å…¥y/n ã€‘ [0m
2015-06-24 11:52:54,114 my_lib.py[line:296] INFO [1;32;40mã€ è¯·è¾“å…¥y/n ã€‘ [0m
2015-06-24 11:52:54,115 my_lib.py[line:296] INFO [1;32;40mã€ è¯·è¾“å…¥y/n ã€‘ [0m
2015-06-24 11:52:54,115 my_lib.py[line:296] INFO [1;32;40mã€ è¯·è¾“å…¥y/n ã€‘ [0m
2015-06-24 11:52:54,116 my_lib.py[line:296] INFO [1;32;40mã€ è¯·è¾“å…¥y/n ã€‘ [0m
2015-06-24 11:52:54,116 my_lib.py[line:296] INFO [1;32;40mã€ è¯·è¾“å…¥y/n ã€‘ [0m
2015-06-24 11:52:54,116 my_lib.py[line:296] INFO [1;32;40mã€ è¯·è¾“å…¥y/n ã€‘ [0m
2015-06-24 11:52:54,117 my_lib.py[line:296] INFO [1;32;40mã€ è¯·è¾“å…¥y/n ã€‘ [0m
2015-06-24 11:52:54,117 my_lib.py[line:296] INFO [1;32;40mã€ è¯·è¾“å…¥y/n ã€‘ [0m
2015-06-24 11:52:54,118 my_lib.py[line:296] INFO [1;32;40mã€ è¯·è¾“å…¥y/n ã€‘ [0m
2015-06-24 11:52:54,118 my_lib.py[line:296] INFO [1;32;40mã€ è¯·è¾“å…¥y/n ã€‘ [0m
2015-06-24 11:52:54,118 my_lib.py[line:296] INFO [1;32;40mã€ è¯·è¾“å…¥y/n ã€‘ [0m
2015-06-24 11:52:54,119 my_lib.py[line:296] INFO [1;32;40mã€ è¯·è¾“å…¥y/n ã€‘ [0m
2015-06-24 11:52:54,119 my_lib.py[line:296] INFO [1;32;40mã€ è¯·è¾“å…¥y/n ã€‘ [0m
2015-06-24 11:52:54,120 my_lib.py[line:296] INFO [1;32;40mã€ è¯·è¾“å…¥y/n ã€‘ [0m
2015-06-24 11:52:54,120 my_lib.py[line:296] INFO [1;32;40mã€ è¯·è¾“å…¥y/n ã€‘ [0m
2015-06-24 11:52:54,120 my_lib.py[line:296] INFO [1;32;40mã€ è¯·è¾“å…¥y/n ã€‘ [0m
2015-06-24 11:52:54,121 my_lib.py[line:296] INFO [1;32;40mã€ è¯·è¾“å…¥y/n ã€‘ [0m
2015-06-24 11:52:54,121 my_lib.py[line:296] INFO [1;32;40mã€ è¯·è¾“å…¥y/n ã€‘ [0m
2015-06-24 11:52:54,141 my_lib.py[line:296] INFO [1;32;40mã€ è¯·è¾“å…¥y/n ã€‘ [0m
2015-06-24 11:53:05,876 my_lib.py[line:299] ERROR [1;31;40m**Error**[0m vlan ipå·²åœ¨æœ¬åœ°ç½‘ç»œä¸­å…¶ä»–æœºå™¨é…ç½®,è¯·è”ç³»ç³»ç»Ÿç®¡ç†å‘˜

2015-06-24 11:53:09,265 my_lib.py[line:299] ERROR [1;31;40m**Error**[0m é…ç½®vlan ip å¤±è´¥!

2015-06-24 11:53:11,906 my_lib.py[line:299] ERROR æ¨¡å—ä¸å­˜åœ¨ï¼Œæ— æ³•è·å–ä¿¡æ¯!
2015-06-24 11:53:11,906 my_lib.py[line:299] ERROR [1;31;40m**Error**[0m æ— æ³•è·å–ä¸»æœºä¿¡æ¯.

2015-06-24 11:53:13,262 my_lib.py[line:299] ERROR æ¨¡å—ä¸å­˜åœ¨ï¼Œæ— æ³•è·å–ä¿¡æ¯!
2015-06-24 11:53:13,262 my_lib.py[line:299] ERROR [1;31;40m**Error**[0m æ— æ³•è·å–ä¸»æœºä¿¡æ¯.

2015-06-24 11:53:13,430 my_lib.py[line:299] ERROR æ¨¡å—ä¸å­˜åœ¨ï¼Œæ— æ³•è·å–ä¿¡æ¯!
2015-06-24 11:53:13,431 my_lib.py[line:299] ERROR [1;31;40m**Error**[0m æ— æ³•è·å–ä¸»æœºä¿¡æ¯.

2015-06-24 11:53:13,612 my_lib.py[line:299] ERROR æ¨¡å—ä¸å­˜åœ¨ï¼Œæ— æ³•è·å–ä¿¡æ¯!
2015-06-24 11:53:13,613 my_lib.py[line:299] ERROR [1;31;40m**Error**[0m æ— æ³•è·å–ä¸»æœºä¿¡æ¯.

2015-06-24 11:53:13,796 my_lib.py[line:299] ERROR æ¨¡å—ä¸å­˜åœ¨ï¼Œæ— æ³•è·å–ä¿¡æ¯!
2015-06-24 11:53:13,796 my_lib.py[line:299] ERROR [1;31;40m**Error**[0m æ— æ³•è·å–ä¸»æœºä¿¡æ¯.

2015-06-24 11:53:13,975 my_lib.py[line:299] ERROR æ¨¡å—ä¸å­˜åœ¨ï¼Œæ— æ³•è·å–ä¿¡æ¯!
2015-06-24 11:53:13,975 my_lib.py[line:299] ERROR [1;31;40m**Error**[0m æ— æ³•è·å–ä¸»æœºä¿¡æ¯.

2015-06-24 11:53:14,168 my_lib.py[line:299] ERROR æ¨¡å—ä¸å­˜åœ¨ï¼Œæ— æ³•è·å–ä¿¡æ¯!
2015-06-24 11:53:14,168 my_lib.py[line:299] ERROR [1;31;40m**Error**[0m æ— æ³•è·å–ä¸»æœºä¿¡æ¯.

2015-06-24 11:53:16,016 my_lib.py[line:296] INFO exit
2015-06-24 11:53:24,264 my_lib.py[line:296] INFO exit
2015-06-24 11:53:46,397 my_lib.py[line:296] INFO [1;32;40m**Success**[0m  è¿œç¨‹ä¸»æœº10.149.20.209 vlan ipé…ç½®æ¸…ç†æˆåŠŸ!

2015-06-24 11:53:46,398 my_lib.py[line:299] ERROR [1;31;40m**Error**[0m è¾“å…¥çš„ipåœ°å€éæ³•!

2015-06-24 11:53:48,750 my_lib.py[line:299] ERROR [1;31;40m**Error**[0m è¾“å…¥çš„ipåœ°å€éæ³•!

2015-06-24 11:53:48,983 my_lib.py[line:299] ERROR [1;31;40m**Error**[0m è¾“å…¥çš„ipåœ°å€éæ³•!

2015-06-24 11:53:49,214 my_lib.py[line:299] ERROR [1;31;40m**Error**[0m è¾“å…¥çš„ipåœ°å€éæ³•!

2015-06-24 11:53:59,800 my_lib.py[line:296] INFO [1;31;40m**Error**[0m vlan ip æœªé…ç½®!æ— æ³•æ¸…ç†.

2015-06-24 11:54:03,478 my_lib.py[line:296] INFO exit
2015-06-24 11:54:04,175 my_lib.py[line:299] ERROR [1;31;40m**Error**[0m è¾“å…¥çš„é€‰é¡¹ä¸æ­£ç¡®.

2015-06-24 11:54:04,790 my_lib.py[line:299] ERROR [1;31;40m**Error**[0m è¾“å…¥çš„é€‰é¡¹ä¸æ­£ç¡®.

2015-06-24 11:56:35,842 my_lib.py[line:299] ERROR [1;31;40m**Error**[0m è¾“å…¥çš„é€‰é¡¹ä¸æ­£ç¡®.

2015-06-24 11:56:35,994 my_lib.py[line:299] ERROR [1;31;40m**Error**[0m è¾“å…¥çš„é€‰é¡¹ä¸æ­£ç¡®.

2015-06-24 11:56:36,162 my_lib.py[line:299] ERROR [1;31;40m**Error**[0m è¾“å…¥çš„é€‰é¡¹ä¸æ­£ç¡®.

2015-06-24 11:56:36,322 my_lib.py[line:299] ERROR [1;31;40m**Error**[0m è¾“å…¥çš„é€‰é¡¹ä¸æ­£ç¡®.

2015-06-24 11:56:36,498 my_lib.py[line:299] ERROR [1;31;40m**Error**[0m è¾“å…¥çš„é€‰é¡¹ä¸æ­£ç¡®.

2015-06-24 11:57:54,365 my_lib.py[line:299] ERROR [1;31;40m**Error**[0m è¾“å…¥çš„é€‰é¡¹ä¸æ­£ç¡®.

2015-06-24 11:57:54,549 my_lib.py[line:299] ERROR [1;31;40m**Error**[0m è¾“å…¥çš„é€‰é¡¹ä¸æ­£ç¡®.

2015-06-24 11:57:54,725 my_lib.py[line:299] ERROR [1;31;40m**Error**[0m è¾“å…¥çš„é€‰é¡¹ä¸æ­£ç¡®.

2015-06-24 11:57:54,894 my_lib.py[line:299] ERROR [1;31;40m**Error**[0m è¾“å…¥çš„é€‰é¡¹ä¸æ­£ç¡®.

2015-06-24 11:57:55,053 my_lib.py[line:299] ERROR [1;31;40m**Error**[0m è¾“å…¥çš„é€‰é¡¹ä¸æ­£ç¡®.

2015-06-24 11:58:22,780 my_lib.py[line:299] ERROR [1;31;40m**Error**[0m è¾“å…¥çš„é€‰é¡¹ä¸æ­£ç¡®.

2015-06-24 11:58:23,196 my_lib.py[line:299] ERROR [1;31;40m**Error**[0m è¾“å…¥çš„é€‰é¡¹ä¸æ­£ç¡®.

2015-06-24 11:58:23,597 my_lib.py[line:299] ERROR [1;31;40m**Error**[0m è¾“å…¥çš„é€‰é¡¹ä¸æ­£ç¡®.

2015-06-24 11:58:23,980 my_lib.py[line:299] ERROR [1;31;40m**Error**[0m è¾“å…¥çš„é€‰é¡¹ä¸æ­£ç¡®.

2015-06-24 11:59:04,674 my_lib.py[line:299] ERROR [1;31;40m**Error**[0m è¾“å…¥çš„é€‰é¡¹ä¸æ­£ç¡®.

2015-06-24 11:59:05,315 my_lib.py[line:299] ERROR [1;31;40m**Error**[0m è¾“å…¥çš„é€‰é¡¹ä¸æ­£ç¡®.

2015-06-24 11:59:05,748 my_lib.py[line:299] ERROR [1;31;40m**Error**[0m è¾“å…¥çš„é€‰é¡¹ä¸æ­£ç¡®.

2015-06-24 11:59:06,201 my_lib.py[line:299] ERROR [1;31;40m**Error**[0m è¾“å…¥çš„é€‰é¡¹ä¸æ­£ç¡®.

2015-06-24 11:59:06,827 my_lib.py[line:299] ERROR [1;31;40m**Error**[0m è¾“å…¥çš„é€‰é¡¹ä¸æ­£ç¡®.

2015-06-24 11:59:07,386 my_lib.py[line:299] ERROR [1;31;40m**Error**[0m è¾“å…¥çš„é€‰é¡¹ä¸æ­£ç¡®.

2015-06-24 11:59:07,874 my_lib.py[line:299] ERROR [1;31;40m**Error**[0m è¾“å…¥çš„é€‰é¡¹ä¸æ­£ç¡®.

2015-06-24 11:59:40,888 my_lib.py[line:299] ERROR [1;31;40m**Error**[0m è¾“å…¥çš„é€‰é¡¹ä¸æ­£ç¡®.

2015-06-24 11:59:41,344 my_lib.py[line:299] ERROR [1;31;40m**Error**[0m è¾“å…¥çš„é€‰é¡¹ä¸æ­£ç¡®.

2015-06-24 11:59:41,735 my_lib.py[line:299] ERROR [1;31;40m**Error**[0m è¾“å…¥çš„é€‰é¡¹ä¸æ­£ç¡®.

2015-06-24 11:59:42,072 my_lib.py[line:299] ERROR [1;31;40m**Error**[0m è¾“å…¥çš„é€‰é¡¹ä¸æ­£ç¡®.

2015-06-24 11:59:44,257 my_lib.py[line:299] ERROR [1;31;40m**Error**[0m è¾“å…¥çš„é€‰é¡¹ä¸æ­£ç¡®.

2015-06-24 11:59:44,839 my_lib.py[line:299] ERROR [1;31;40m**Error**[0m è¾“å…¥çš„é€‰é¡¹ä¸æ­£ç¡®.

2015-06-24 11:59:47,376 my_lib.py[line:299] ERROR [1;31;40m**Error**[0m è¾“å…¥çš„é€‰é¡¹ä¸æ­£ç¡®.

2015-06-24 11:59:50,511 my_lib.py[line:299] ERROR [1;31;40m**Error**[0m è¾“å…¥çš„é€‰é¡¹ä¸æ­£ç¡®.

2015-06-24 11:59:50,904 my_lib.py[line:299] ERROR [1;31;40m**Error**[0m è¾“å…¥çš„é€‰é¡¹ä¸æ­£ç¡®.

2015-06-24 11:59:51,136 my_lib.py[line:299] ERROR [1;31;40m**Error**[0m è¾“å…¥çš„é€‰é¡¹ä¸æ­£ç¡®.

2015-06-24 11:59:51,319 my_lib.py[line:299] ERROR [1;31;40m**Error**[0m è¾“å…¥çš„é€‰é¡¹ä¸æ­£ç¡®.

2015-06-24 12:00:47,420 my_lib.py[line:299] ERROR [1;31;40m**Error**[0m è¾“å…¥çš„é€‰é¡¹ä¸æ­£ç¡®.

2015-06-24 12:00:47,733 my_lib.py[line:299] ERROR [1;31;40m**Error**[0m è¾“å…¥çš„é€‰é¡¹ä¸æ­£ç¡®.

2015-06-24 12:00:48,022 my_lib.py[line:299] ERROR [1;31;40m**Error**[0m è¾“å…¥çš„é€‰é¡¹ä¸æ­£ç¡®.

2015-06-24 12:00:48,236 my_lib.py[line:299] ERROR [1;31;40m**Error**[0m è¾“å…¥çš„é€‰é¡¹ä¸æ­£ç¡®.

2015-06-24 12:01:01,532 my_lib.py[line:299] ERROR [1;31;40m**Error**[0m è¾“å…¥çš„é€‰é¡¹ä¸æ­£ç¡®.

2015-06-24 12:01:01,725 my_lib.py[line:299] ERROR [1;31;40m**Error**[0m è¾“å…¥çš„é€‰é¡¹ä¸æ­£ç¡®.

2015-06-24 12:01:01,892 my_lib.py[line:299] ERROR [1;31;40m**Error**[0m è¾“å…¥çš„é€‰é¡¹ä¸æ­£ç¡®.

2015-06-24 12:01:02,062 my_lib.py[line:299] ERROR [1;31;40m**Error**[0m è¾“å…¥çš„é€‰é¡¹ä¸æ­£ç¡®.

2015-06-24 12:01:05,437 my_lib.py[line:299] ERROR [1;31;40m**Error**[0m è¾“å…¥çš„é€‰é¡¹ä¸æ­£ç¡®.

2015-06-24 12:01:05,644 my_lib.py[line:299] ERROR [1;31;40m**Error**[0m è¾“å…¥çš„é€‰é¡¹ä¸æ­£ç¡®.

2015-06-24 12:01:05,844 my_lib.py[line:299] ERROR [1;31;40m**Error**[0m è¾“å…¥çš„é€‰é¡¹ä¸æ­£ç¡®.

2015-06-24 12:01:06,037 my_lib.py[line:299] ERROR [1;31;40m**Error**[0m è¾“å…¥çš„é€‰é¡¹ä¸æ­£ç¡®.

2015-06-24 12:01:06,254 my_lib.py[line:299] ERROR [1;31;40m**Error**[0m è¾“å…¥çš„é€‰é¡¹ä¸æ­£ç¡®.

2015-06-24 12:01:06,492 my_lib.py[line:299] ERROR [1;31;40m**Error**[0m è¾“å…¥çš„é€‰é¡¹ä¸æ­£ç¡®.

2015-06-24 12:01:06,765 my_lib.py[line:299] ERROR [1;31;40m**Error**[0m è¾“å…¥çš„é€‰é¡¹ä¸æ­£ç¡®.

2015-06-24 12:01:07,076 my_lib.py[line:299] ERROR [1;31;40m**Error**[0m è¾“å…¥çš„é€‰é¡¹ä¸æ­£ç¡®.

2015-06-24 12:01:08,620 my_lib.py[line:299] ERROR [1;31;40m**Error**[0m è¾“å…¥çš„é€‰é¡¹ä¸æ­£ç¡®.

2015-06-24 12:01:13,076 my_lib.py[line:299] ERROR [1;31;40m**Error**[0m è¾“å…¥çš„é€‰é¡¹ä¸æ­£ç¡®.

2015-06-24 12:01:22,267 my_lib.py[line:296] INFO 

[1;32;40m**Success**[0m Good Luck Boys.........

2015-06-24 12:14:59,092 my_lib.py[line:299] ERROR [1;31;40m**Error**[0m è¾“å…¥çš„ipåœ°å€éæ³•!

2015-06-24 12:15:00,585 my_lib.py[line:299] ERROR [1;31;40m**Error**[0m è¾“å…¥çš„ipåœ°å€éæ³•!

2015-06-24 12:15:06,199 my_lib.py[line:299] ERROR [1;31;40m**Error**[0m ç½‘ç»œä¸å¯è¾¾!

2015-06-24 12:15:17,427 my_lib.py[line:296] INFO exit
2015-06-24 12:15:21,587 my_lib.py[line:299] ERROR [1;31;40m**Error**[0m è¾“å…¥çš„æ¨¡å—åéæ³•!

2015-06-24 12:15:53,396 my_lib.py[line:296] INFO [1;32;40m**Success**[0m è¿œç¨‹ä¸»æœºvlan ipéƒ¨ç½²æˆåŠŸ!

2015-06-24 12:15:53,397 my_lib.py[line:296] INFO [1;32;40m**Success**[0m é…ç½®vlan ip æˆåŠŸ.

2015-06-24 12:15:53,420 my_lib.py[line:296] INFO [1;32;40m**Success**[0m å‘é€é‚®ä»¶ æˆåŠŸ.

2015-06-24 12:16:28,905 my_lib.py[line:299] ERROR 
2015-06-24 12:18:54,691 my_lib.py[line:299] ERROR [1;31;40m**Error**[0m è¾“å…¥çš„æ¨¡å—åéæ³•!

2015-06-24 12:19:22,080 my_lib.py[line:296] INFO [1;32;40m**Success**[0m è¿œç¨‹ä¸»æœºvlan ipéƒ¨ç½²æˆåŠŸ!

2015-06-24 12:19:22,080 my_lib.py[line:296] INFO [1;32;40m**Success**[0m é…ç½®vlan ip æˆåŠŸ.

2015-06-24 12:19:22,126 my_lib.py[line:296] INFO [1;32;40m**Success**[0m å‘é€é‚®ä»¶ æˆåŠŸ.

2015-06-24 12:51:08,590 my_lib.py[line:300] ERROR 
2015-06-24 12:51:42,789 my_lib.py[line:300] ERROR [1;31;40m**Error**[0m ç½‘ç»œä¸å¯è¾¾!

2015-06-24 12:53:04,773 my_lib.py[line:300] ERROR [1;31;40m**Error**[0m è¾“å…¥çš„é€‰é¡¹ä¸æ­£ç¡®.

2015-06-24 12:53:43,905 my_lib.py[line:300] ERROR 
2015-06-24 12:55:05,517 my_lib.py[line:300] ERROR 
2015-06-24 12:57:20,534 my_lib.py[line:300] ERROR 
2015-06-24 12:58:21,742 my_lib.py[line:299] ERROR [1;31;40m**Error**[0m è¾“å…¥çš„é€‰é¡¹ä¸æ­£ç¡®.

2015-06-24 12:58:50,352 my_lib.py[line:299] ERROR 
2015-06-24 13:06:01,837 my_lib.py[line:299] ERROR [1;31;40m**Error**[0m è¾“å…¥ipåœ°å€éæ³•!æ— æ³•æ¸…ç†.

2015-06-24 13:07:48,281 my_lib.py[line:299] ERROR [1;31;40m**Error**[0m è¾“å…¥ipåœ°å€éæ³•,è¯·è¾“å…¥æœºå™¨çš„ip(eth0æˆ–è€…eth1)!

