2015-06-10 15:45:20,097 my_lib.py[line:278] INFO ã€é€€åˆ°ä¸»èœå•è¾“å…¥ exitã€‘è¯·è¾“å…¥[1;32;40m Machine ip [0m;ã€**Not Vlan IP**ã€‘    >>
2015-06-10 15:45:20,097 my_lib.py[line:280] ERROR [1;31;40m**Error**[0m è¾“å…¥çš„ipåœ°å€éæ³•!

2015-06-10 15:45:20,097 my_lib.py[line:280] ERROR [1;31;40m**Error**[0m è¾“å…¥çš„ipåœ°å€éæ³•!

2015-06-10 15:45:25,167 my_lib.py[line:278] INFO ã€é€€åˆ°ä¸»èœå•è¾“å…¥ exitã€‘è¯·è¾“å…¥[1;32;40m Machine ip [0m;ã€**Not Vlan IP**ã€‘    >>
2015-06-10 15:45:25,167 my_lib.py[line:278] INFO ã€é€€åˆ°ä¸»èœå•è¾“å…¥ exitã€‘è¯·è¾“å…¥[1;32;40m Machine ip [0m;ã€**Not Vlan IP**ã€‘    >>
2015-06-10 15:45:25,167 my_lib.py[line:278] INFO ã€é€€åˆ°ä¸»èœå•è¾“å…¥ exitã€‘è¯·è¾“å…¥[1;32;40m Machine ip [0m;ã€**Not Vlan IP**ã€‘    >>
2015-06-10 15:45:25,167 my_lib.py[line:280] ERROR [1;31;40m**Error**[0m è¾“å…¥çš„ipåœ°å€éæ³•!

2015-06-10 15:45:25,167 my_lib.py[line:280] ERROR [1;31;40m**Error**[0m è¾“å…¥çš„ipåœ°å€éæ³•!

2015-06-10 15:45:25,167 my_lib.py[line:280] ERROR [1;31;40m**Error**[0m è¾“å…¥çš„ipåœ°å€éæ³•!

2015-06-10 15:45:25,167 my_lib.py[line:280] ERROR [1;31;40m**Error**[0m è¾“å…¥çš„ipåœ°å€éæ³•!

2015-06-10 15:45:30,796 my_lib.py[line:278] INFO ã€é€€åˆ°ä¸»èœå•è¾“å…¥ exitã€‘è¯·è¾“å…¥[1;32;40m Machine ip [0m;ã€**Not Vlan IP**ã€‘    >>
2015-06-10 15:45:30,796 my_lib.py[line:278] INFO ã€é€€åˆ°ä¸»èœå•è¾“å…¥ exitã€‘è¯·è¾“å…¥[1;32;40m Machine ip [0m;ã€**Not Vlan IP**ã€‘    >>
2015-06-10 15:45:30,796 my_lib.py[line:278] INFO ã€é€€åˆ°ä¸»èœå•è¾“å…¥ exitã€‘è¯·è¾“å…¥[1;32;40m Machine ip [0m;ã€**Not Vlan IP**ã€‘    >>
2015-06-10 15:45:30,796 my_lib.py[line:278] INFO ã€é€€åˆ°ä¸»èœå•è¾“å…¥ exitã€‘è¯·è¾“å…¥[1;32;40m Machine ip [0m;ã€**Not Vlan IP**ã€‘    >>
2015-06-10 15:45:30,796 my_lib.py[line:278] INFO ã€é€€åˆ°ä¸»èœå•è¾“å…¥ exitã€‘è¯·è¾“å…¥[1;32;40m Machine ip [0m;ã€**Not Vlan IP**ã€‘    >>
2015-06-10 15:45:30,797 my_lib.py[line:280] ERROR [1;31;40m**Error**[0m è¾“å…¥çš„ipåœ°å€éæ³•!

2015-06-10 15:45:30,797 my_lib.py[line:280] ERROR [1;31;40m**Error**[0m è¾“å…¥çš„ipåœ°å€éæ³•!

2015-06-10 15:45:30,797 my_lib.py[line:280] ERROR [1;31;40m**Error**[0m è¾“å…¥çš„ipåœ°å€éæ³•!

2015-06-10 15:45:30,797 my_lib.py[line:280] ERROR [1;31;40m**Error**[0m è¾“å…¥çš„ipåœ°å€éæ³•!

2015-06-10 15:45:30,797 my_lib.py[line:280] ERROR [1;31;40m**Error**[0m è¾“å…¥çš„ipåœ°å€éæ³•!

2015-06-10 15:45:30,797 my_lib.py[line:280] ERROR [1;31;40m**Error**[0m è¾“å…¥çš„ipåœ°å€éæ³•!

2015-06-10 15:46:34,742 my_lib.py[line:278] INFO [1;32;40m**Success**[0m æ­£åœ¨æ¸…ç†ç¼“å­˜.........

2015-06-10 15:46:34,742 my_lib.py[line:278] INFO [1;32;40m**Success**[0m æ­£åœ¨æ¸…ç†ç¼“å­˜.........

2015-06-10 15:46:34,742 my_lib.py[line:278] INFO [1;32;40m**Success**[0m æ­£åœ¨æ¸…ç†ç¼“å­˜.........

2015-06-10 15:46:34,742 my_lib.py[line:278] INFO [1;32;40m**Success**[0m æ­£åœ¨æ¸…ç†ç¼“å­˜.........

2015-06-10 15:46:34,742 my_lib.py[line:278] INFO [1;32;40m**Success**[0m æ­£åœ¨æ¸…ç†ç¼“å­˜.........

2015-06-10 15:46:34,742 my_lib.py[line:278] INFO [1;32;40m**Success**[0m æ­£åœ¨æ¸…ç†ç¼“å­˜.........

2015-06-10 15:46:34,742 my_lib.py[line:278] INFO [1;32;40m**Success**[0m æ­£åœ¨æ¸…ç†ç¼“å­˜.........

2015-06-10 15:46:42,105 my_lib.py[line:281] ERROR [1;31;40m**Error**[0m è¾“å…¥çš„ipåœ°å€éæ³•!

2015-06-10 15:46:42,105 my_lib.py[line:281] ERROR [1;31;40m**Error**[0m è¾“å…¥çš„ipåœ°å€éæ³•!

2015-06-10 15:46:42,921 my_lib.py[line:281] ERROR [1;31;40m**Error**[0m è¾“å…¥çš„ipåœ°å€éæ³•!

2015-06-10 15:46:42,921 my_lib.py[line:281] ERROR [1;31;40m**Error**[0m è¾“å…¥çš„ipåœ°å€éæ³•!

2015-06-10 15:46:42,921 my_lib.py[line:281] ERROR [1;31;40m**Error**[0m è¾“å…¥çš„ipåœ°å€éæ³•!

2015-06-10 15:46:42,921 my_lib.py[line:281] ERROR [1;31;40m**Error**[0m è¾“å…¥çš„ipåœ°å€éæ³•!

2015-06-10 15:46:45,977 my_lib.py[line:281] ERROR [1;31;40m**Error**[0m è¾“å…¥çš„ipåœ°å€éæ³•!

2015-06-10 15:46:45,977 my_lib.py[line:281] ERROR [1;31;40m**Error**[0m è¾“å…¥çš„ipåœ°å€éæ³•!

2015-06-10 15:46:45,977 my_lib.py[line:281] ERROR [1;31;40m**Error**[0m è¾“å…¥çš„ipåœ°å€éæ³•!

2015-06-10 15:46:45,977 my_lib.py[line:281] ERROR [1;31;40m**Error**[0m è¾“å…¥çš„ipåœ°å€éæ³•!

2015-06-10 15:46:45,977 my_lib.py[line:281] ERROR [1;31;40m**Error**[0m è¾“å…¥çš„ipåœ°å€éæ³•!

2015-06-10 15:46:45,977 my_lib.py[line:281] ERROR [1;31;40m**Error**[0m è¾“å…¥çš„ipåœ°å€éæ³•!

2015-06-10 15:46:46,392 my_lib.py[line:281] ERROR [1;31;40m**Error**[0m è¾“å…¥çš„ipåœ°å€éæ³•!

2015-06-10 15:46:46,392 my_lib.py[line:281] ERROR [1;31;40m**Error**[0m è¾“å…¥çš„ipåœ°å€éæ³•!

2015-06-10 15:46:46,392 my_lib.py[line:281] ERROR [1;31;40m**Error**[0m è¾“å…¥çš„ipåœ°å€éæ³•!

2015-06-10 15:46:46,392 my_lib.py[line:281] ERROR [1;31;40m**Error**[0m è¾“å…¥çš„ipåœ°å€éæ³•!

2015-06-10 15:46:46,392 my_lib.py[line:281] ERROR [1;31;40m**Error**[0m è¾“å…¥çš„ipåœ°å€éæ³•!

2015-06-10 15:46:46,392 my_lib.py[line:281] ERROR [1;31;40m**Error**[0m è¾“å…¥çš„ipåœ°å€éæ³•!

2015-06-10 15:46:46,392 my_lib.py[line:281] ERROR [1;31;40m**Error**[0m è¾“å…¥çš„ipåœ°å€éæ³•!

2015-06-10 15:46:46,392 my_lib.py[line:281] ERROR [1;31;40m**Error**[0m è¾“å…¥çš„ipåœ°å€éæ³•!

2015-06-10 15:55:19,956 my_lib.py[line:281] ERROR ccccc
2015-06-10 15:55:19,956 my_lib.py[line:281] ERROR ccccc
2015-06-10 15:55:20,845 my_lib.py[line:281] ERROR ccccc
2015-06-10 15:55:20,845 my_lib.py[line:281] ERROR ccccc
2015-06-10 15:55:20,845 my_lib.py[line:281] ERROR ccccc
2015-06-10 15:55:20,845 my_lib.py[line:281] ERROR ccccc
2015-06-10 15:56:30,536 my_lib.py[line:278] INFO aaaa
2015-06-10 15:56:31,657 my_lib.py[line:281] ERROR ccccc
2015-06-10 15:56:31,657 my_lib.py[line:281] ERROR ccccc
2015-06-10 15:56:31,657 my_lib.py[line:278] INFO aaaa
2015-06-10 15:56:31,657 my_lib.py[line:278] INFO aaaa
2015-06-10 15:56:31,657 my_lib.py[line:278] INFO aaaa
2015-06-10 15:56:33,073 my_lib.py[line:281] ERROR ccccc
2015-06-10 15:56:33,073 my_lib.py[line:281] ERROR ccccc
2015-06-10 15:56:33,073 my_lib.py[line:281] ERROR ccccc
2015-06-10 15:56:33,073 my_lib.py[line:281] ERROR ccccc
2015-06-10 15:56:33,074 my_lib.py[line:278] INFO aaaa
2015-06-10 15:56:33,074 my_lib.py[line:278] INFO aaaa
2015-06-10 15:56:33,074 my_lib.py[line:278] INFO aaaa
2015-06-10 15:56:33,074 my_lib.py[line:278] INFO aaaa
2015-06-10 15:56:33,074 my_lib.py[line:278] INFO aaaa
2015-06-10 15:56:34,161 my_lib.py[line:281] ERROR ccccc
2015-06-10 15:56:34,161 my_lib.py[line:281] ERROR ccccc
2015-06-10 15:56:34,161 my_lib.py[line:281] ERROR ccccc
2015-06-10 15:56:34,161 my_lib.py[line:281] ERROR ccccc
2015-06-10 15:56:34,161 my_lib.py[line:281] ERROR ccccc
2015-06-10 15:56:34,161 my_lib.py[line:281] ERROR ccccc
2015-06-10 15:56:34,162 my_lib.py[line:278] INFO aaaa
2015-06-10 15:56:34,162 my_lib.py[line:278] INFO aaaa
2015-06-10 15:56:34,162 my_lib.py[line:278] INFO aaaa
2015-06-10 15:56:34,162 my_lib.py[line:278] INFO aaaa
2015-06-10 15:56:34,162 my_lib.py[line:278] INFO aaaa
2015-06-10 15:56:34,162 my_lib.py[line:278] INFO aaaa
2015-06-10 15:56:34,162 my_lib.py[line:278] INFO aaaa
2015-06-10 15:57:07,260 my_lib.py[line:278] INFO aaaa
2015-06-10 15:57:09,647 my_lib.py[line:278] INFO ccccc
2015-06-10 15:57:09,647 my_lib.py[line:278] INFO ccccc
2015-06-10 15:57:09,647 my_lib.py[line:278] INFO aaaa
2015-06-10 15:57:09,647 my_lib.py[line:278] INFO aaaa
2015-06-10 15:57:09,647 my_lib.py[line:278] INFO aaaa
2015-06-10 15:57:29,483 my_lib.py[line:278] INFO aaaa
2015-06-10 15:57:30,296 my_lib.py[line:278] INFO ccccc
2015-06-10 15:57:30,296 my_lib.py[line:278] INFO ccccc
2015-06-10 15:57:30,296 my_lib.py[line:278] INFO aaaa
2015-06-10 15:57:30,296 my_lib.py[line:278] INFO aaaa
2015-06-10 15:57:30,296 my_lib.py[line:278] INFO aaaa
2015-06-10 15:57:51,359 my_lib.py[line:278] INFO ccccc
2015-06-10 15:57:51,359 my_lib.py[line:278] INFO ccccc
2015-06-10 15:57:51,359 my_lib.py[line:278] INFO ccccc
2015-06-10 15:57:51,359 my_lib.py[line:278] INFO ccccc
2015-06-10 15:57:51,359 my_lib.py[line:278] INFO aaaa
2015-06-10 15:57:51,359 my_lib.py[line:278] INFO aaaa
2015-06-10 15:57:51,359 my_lib.py[line:278] INFO aaaa
2015-06-10 15:57:51,359 my_lib.py[line:278] INFO aaaa
2015-06-10 15:57:51,359 my_lib.py[line:278] INFO aaaa
2015-06-10 15:58:29,818 my_lib.py[line:278] INFO ccccc
2015-06-10 15:58:36,611 my_lib.py[line:278] INFO ccccc
2015-06-10 15:58:36,611 my_lib.py[line:278] INFO ccccc
2015-06-10 15:58:41,338 my_lib.py[line:278] INFO ccccc
2015-06-10 15:58:41,338 my_lib.py[line:278] INFO ccccc
2015-06-10 15:58:41,338 my_lib.py[line:278] INFO ccccc
2015-06-10 16:04:36,193 my_lib.py[line:279] INFO ccccc
2015-06-10 16:04:36,442 my_lib.py[line:279] INFO ccccc
2015-06-10 16:04:36,625 my_lib.py[line:279] INFO ccccc
2015-06-10 16:04:40,160 my_lib.py[line:279] INFO ccccc
2015-06-10 16:07:00,482 my_lib.py[line:283] INFO ccccc
2015-06-10 16:07:00,969 my_lib.py[line:283] INFO ccccc
2015-06-10 16:07:02,609 my_lib.py[line:283] INFO ccccc
2015-06-10 16:07:02,945 my_lib.py[line:283] INFO ccccc
2015-06-10 16:08:25,285 my_lib.py[line:283] INFO ccccc
2015-06-10 16:08:25,767 my_lib.py[line:283] INFO ccccc
2015-06-10 16:08:26,101 my_lib.py[line:283] INFO ccccc
2015-06-10 16:08:28,077 my_lib.py[line:283] INFO ccccc
2015-06-10 16:08:56,125 my_lib.py[line:286] ERROR ccccc
2015-06-10 16:09:50,112 my_lib.py[line:289] ERROR ccccc
2015-06-10 16:09:59,264 my_lib.py[line:289] ERROR ccccc
2015-06-10 16:09:59,825 my_lib.py[line:289] ERROR ccccc
2015-06-10 16:10:00,185 my_lib.py[line:289] ERROR ccccc
2015-06-10 16:10:00,441 my_lib.py[line:289] ERROR ccccc
2015-06-10 16:10:00,648 my_lib.py[line:289] ERROR ccccc
2015-06-10 16:10:00,841 my_lib.py[line:289] ERROR ccccc
2015-06-10 16:10:01,040 my_lib.py[line:289] ERROR ccccc
2015-06-10 16:10:01,240 my_lib.py[line:289] ERROR ccccc
2015-06-10 16:10:01,421 my_lib.py[line:289] ERROR ccccc
2015-06-10 16:10:01,607 my_lib.py[line:289] ERROR ccccc
2015-06-10 16:11:15,399 my_lib.py[line:290] ERROR ccccc
2015-06-10 16:11:16,125 my_lib.py[line:290] ERROR ccccc
2015-06-10 16:11:16,540 my_lib.py[line:290] ERROR ccccc
2015-06-10 16:11:16,869 my_lib.py[line:290] ERROR ccccc
2015-06-10 16:11:17,148 my_lib.py[line:290] ERROR ccccc
2015-06-10 16:11:17,388 my_lib.py[line:290] ERROR ccccc
2015-06-10 16:11:17,628 my_lib.py[line:290] ERROR ccccc
2015-06-10 16:11:21,309 my_lib.py[line:290] ERROR ccccc
2015-06-10 16:11:21,518 my_lib.py[line:290] ERROR ccccc
2015-06-10 16:11:21,708 my_lib.py[line:290] ERROR ccccc
2015-06-10 16:11:50,699 my_lib.py[line:282] INFO ã€é€€åˆ°ä¸»èœå•è¾“å…¥ exitã€‘è¯·è¾“å…¥[1;32;40m Machine ip [0m;ã€**Not Vlan IP**ã€‘    >>
2015-06-10 16:11:50,700 my_lib.py[line:285] ERROR [1;31;40m**Error**[0m è¾“å…¥çš„ipåœ°å€éæ³•!

2015-06-10 16:11:52,203 my_lib.py[line:282] INFO ã€é€€åˆ°ä¸»èœå•è¾“å…¥ exitã€‘è¯·è¾“å…¥[1;32;40m Machine ip [0m;ã€**Not Vlan IP**ã€‘    >>
2015-06-10 16:11:52,204 my_lib.py[line:285] ERROR [1;31;40m**Error**[0m è¾“å…¥çš„ipåœ°å€éæ³•!

2015-06-10 16:11:55,147 my_lib.py[line:282] INFO ã€é€€åˆ°ä¸»èœå•è¾“å…¥ exitã€‘è¯·è¾“å…¥[1;32;40m Machine ip [0m;ã€**Not Vlan IP**ã€‘    >>
2015-06-10 16:11:55,148 my_lib.py[line:285] ERROR [1;31;40m**Error**[0m è¾“å…¥çš„ipåœ°å€éæ³•!

2015-06-10 16:13:55,898 my_lib.py[line:282] INFO [1;32;40m**Success**[0m æ­£åœ¨æ¸…ç†ç¼“å­˜.........

2015-06-10 16:13:57,900 my_lib.py[line:282] INFO [1;32;40m**Success**[0m ç¼“å­˜æ¸…ç†æˆåŠŸ.........

2015-06-10 16:19:45,875 my_lib.py[line:289] ERROR [1;31;40m**Error**[0m è¾“å…¥çš„é€‰é¡¹ä¸æ­£ç¡®.

2015-06-10 16:19:50,243 my_lib.py[line:286] INFO ã€é€€åˆ°ä¸»èœå•è¾“å…¥ exitã€‘è¯·è¾“å…¥[1;32;40m Machine ip [0m;ã€**Not Vlan IP**ã€‘    >>
2015-06-10 16:19:50,244 my_lib.py[line:289] ERROR [1;31;40m**Error**[0m è¾“å…¥çš„ipåœ°å€éæ³•!

2015-06-10 16:19:54,022 my_lib.py[line:286] INFO ã€é€€åˆ°ä¸»èœå•è¾“å…¥ exitã€‘è¯·è¾“å…¥[1;32;40m Machine ip [0m;ã€**Not Vlan IP**ã€‘    >>
2015-06-10 16:19:54,022 my_lib.py[line:289] ERROR [1;31;40m**Error**[0m è¾“å…¥çš„ipåœ°å€éæ³•!

2015-06-10 16:21:46,891 my_lib.py[line:286] INFO [1;32;40m**Success**[0m æ­£åœ¨æ¸…ç†ç¼“å­˜.........

2015-06-10 16:21:48,894 my_lib.py[line:286] INFO [1;32;40m**Success**[0m ç¼“å­˜æ¸…ç†æˆåŠŸ.........

2015-06-10 16:21:55,997 my_lib.py[line:287] INFO ã€é€€åˆ°ä¸»èœå•è¾“å…¥ exitã€‘è¯·è¾“å…¥[1;32;40m Machine ip [0m;ã€**Not Vlan IP**ã€‘    >>
2015-06-10 16:21:55,997 my_lib.py[line:290] ERROR [1;31;40m**Error**[0m è¾“å…¥çš„ipåœ°å€éæ³•!

2015-06-10 16:24:14,644 my_lib.py[line:287] INFO [1;32;40m**Success**[0m æ­£åœ¨æ¸…ç†ç¼“å­˜.........

2015-06-10 16:24:16,647 my_lib.py[line:287] INFO [1;32;40m**Success**[0m ç¼“å­˜æ¸…ç†æˆåŠŸ.........

2015-06-10 16:24:21,198 my_lib.py[line:287] INFO ã€é€€åˆ°ä¸»èœå•è¾“å…¥ exitã€‘è¯·è¾“å…¥[1;32;40m Machine ip [0m;ã€**Not Vlan IP**ã€‘    >>
2015-06-10 16:24:21,198 my_lib.py[line:290] ERROR [1;31;40m**Error**[0m è¾“å…¥çš„ipåœ°å€éæ³•!

2015-06-10 16:24:23,640 my_lib.py[line:287] INFO ã€é€€åˆ°ä¸»èœå•è¾“å…¥ exitã€‘è¯·è¾“å…¥[1;32;40m Machine ip [0m;ã€**Not Vlan IP**ã€‘    >>
2015-06-10 16:24:23,641 my_lib.py[line:290] ERROR [1;31;40m**Error**[0m è¾“å…¥çš„ipåœ°å€éæ³•!

2015-06-10 16:24:31,869 my_lib.py[line:287] INFO ã€é€€åˆ°ä¸»èœå•è¾“å…¥ exitã€‘è¯·è¾“å…¥[1;32;40m Machine ip [0m;ã€**Not Vlan IP**ã€‘    >>
2015-06-10 16:24:31,870 my_lib.py[line:290] ERROR [1;31;40m**Error**[0m è¾“å…¥çš„ipåœ°å€éæ³•!

2015-06-10 16:24:37,885 my_lib.py[line:287] INFO ã€é€€åˆ°ä¸»èœå•è¾“å…¥ exitã€‘è¯·è¾“å…¥[1;32;40m Machine ip [0m;ã€**Not Vlan IP**ã€‘    >>
2015-06-10 16:24:49,044 my_lib.py[line:287] INFO 
ã€é€€åˆ°ä¸»èœå•è¾“å…¥ exitã€‘è¯·è¾“å…¥[1;32;40m VLAN IP [0m;ã€ **Not Machine IP**ã€‘  >>
2015-06-10 16:24:49,136 my_lib.py[line:290] ERROR [1;31;40m**Error**[0m è¯¥ä¸»æœºåœ¨bizopå¹³å°æ²¡æœ‰é…ç½®vlan ip.

2015-06-10 16:24:49,136 my_lib.py[line:287] INFO [1;31;40m**Error**[0m  æŒ‰ç…§ipæ–¹å¼éƒ¨ç½²vlan ip å¤±è´¥!

2015-06-10 16:25:05,419 my_lib.py[line:287] INFO 
ã€é€€åˆ°ä¸»èœå•è¾“å…¥ exitã€‘è¯·è¾“å…¥[1;32;40m VLAN IP [0m;ã€ **Not Machine IP**ã€‘  >>
2015-06-10 16:25:05,513 my_lib.py[line:290] ERROR [1;31;40m**Error**[0m è¯¥ä¸»æœºåœ¨bizopå¹³å°æ²¡æœ‰é…ç½®vlan ip.

2015-06-10 16:25:05,513 my_lib.py[line:287] INFO [1;31;40m**Error**[0m  æŒ‰ç…§ipæ–¹å¼éƒ¨ç½²vlan ip å¤±è´¥!

2015-06-10 16:25:11,289 my_lib.py[line:287] INFO [1;32;40m**Success**[0m æ­£åœ¨æ¸…ç†ç¼“å­˜.........

2015-06-10 16:25:13,292 my_lib.py[line:287] INFO [1;32;40m**Success**[0m ç¼“å­˜æ¸…ç†æˆåŠŸ.........

2015-06-10 16:29:20,254 my_lib.py[line:285] ERROR [1;31;40m**Error**[0m è¾“å…¥çš„ipåœ°å€éæ³•!

2015-06-10 16:29:32,190 my_lib.py[line:285] ERROR [1;31;40m**Error**[0m è¯¥ä¸»æœºåœ¨bizopå¹³å°æ²¡æœ‰é…ç½®vlan ip.

2015-06-10 16:29:32,190 my_lib.py[line:282] INFO [1;31;40m**Error**[0m  æŒ‰ç…§ipæ–¹å¼éƒ¨ç½²vlan ip å¤±è´¥!

2015-06-10 16:35:10,706 my_lib.py[line:282] INFO [1;32;40m**Success**[0m æ­£åœ¨æ¸…ç†ç¼“å­˜.........

2015-06-10 16:35:12,709 my_lib.py[line:282] INFO [1;32;40m**Success**[0m ç¼“å­˜æ¸…ç†æˆåŠŸ.........

2015-06-10 16:41:01,264 my_lib.py[line:282] INFO [1;32;40m**Success**[0m æ­£åœ¨æ¸…ç†ç¼“å­˜.........

2015-06-10 16:41:03,268 my_lib.py[line:282] INFO [1;32;40m**Success**[0m ç¼“å­˜æ¸…ç†æˆåŠŸ.........

2015-06-10 16:45:25,209 my_lib.py[line:282] INFO æ­£åœ¨æ¸…ç†ç¼“å­˜.........

2015-06-10 16:45:27,212 my_lib.py[line:282] INFO [1;32;40m**Success**[0m ç¼“å­˜æ¸…ç†æˆåŠŸ.........

