Fri, 13 Mar 2015 14:37:27 my_lib.py INFO ##############################[1;32;40m é…ç½®vlan ip  [0m ##############################
Fri, 13 Mar 2015 14:37:29 my_lib.py INFO è¯·è¾“å…¥éœ€è¦é…ç½®çš„VLANçš„æœåŠ¡å™¨çš„[1;32;40mipåœ°å€ï¼Œeth0,eth1å‡å¯ [0m å‡å¯. é€€å‡ºè¯·è¾“å…¥Q >> 
Fri, 13 Mar 2015 14:37:30 my_lib.py INFO è¾“å…¥è¦ä¸ºæ­¤æœåŠ¡æ¨¡å—é…ç½®[1;32;40mçš„VLANIP,ä¸šåŠ¡ç½‘å’Œæ•°æ®ç½‘å‡å¯! [0m >> 
Fri, 13 Mar 2015 14:37:30 my_lib.py INFO æ­£åœ¨æ£€æŸ¥è¿™äº›ipåœ°å€æ˜¯å¦å·²ä½¿ç”¨è¯·è€å¿ƒç­‰å¾…ï¼....................................
Fri, 13 Mar 2015 14:37:52 my_lib.py INFO è¯·ç¡®è®¤ä»¥ä¸‹ä¿¡æ¯:
 æœåŠ¡å™¨ç±»å‹: [1;32;40m å®ä½“æœº[0m;
 æœåŠ¡å™¨çš„ä¸šåŠ¡ç½‘ipåœ°å€: [1;32;40m 10.144.65.37[0m;
 æœåŠ¡å™¨çš„æ•°æ®ç½‘ipåœ°å€: [1;32;40m 10.134.65.37[0m;
 å³å°†ç»‘å®šçš„ä¸šåŠ¡ç½‘vlan ipåœ°å€: [1;32;40m10.144.224.102[0m;
 å³å°†ç»‘å®šçš„æ•°æ®ç½‘vlan ipåœ°å€: [1;32;40m10.134.224.102[0m;
 æœåŠ¡å™¨æ‰€åœ¨æœºæˆ¿: [1;32;40mçŸ³æ™¯å±±è”é€šæœºæˆ¿[0m;
 vlan ip å°†ç»‘å®šåœ¨[1;33;40m10.144.65.37/10.134.65.37[0m; è¿™å°æœåŠ¡å™¨ä¸Š,è¯·ä»”ç»†ç¡®è®¤.

 [1;31;40mè­¦å‘Š!vlan ipç»‘å®šé”™è¯¯å°†å¯¼è‡´ç½‘ç»œæ•…éšœæˆ–ç½‘ç»œä¸èƒ½å†—ä½™ç­‰ä¸¥é‡é—®é¢˜ï¼Œè¯·åŠ¡å¿…è°¨æ…æ“ä½œã€‚[0m

Fri, 13 Mar 2015 14:37:57 my_lib.py INFO [1;32;40m è¯·ç¡®è®¤ä»¥ä¸Šä¿¡æ¯æ˜¯å¦æ­£ç¡®ï¼Œæ˜¯å¦è¿›è¡ŒIPç»‘å®š?ç¡®è®¤ï¼Œè¯·è¾“å…¥(y/Y)ï¼Œé€€å‡ºï¼Œè¯·è¾“å…¥(n/N) [0m  >> y 
Fri, 13 Mar 2015 14:37:57 my_lib.py INFO æ­£åœ¨é…ç½®æ•°æ®ç½‘IP: [1;32;40m 10.134.224.102 [0m,è¯·ç­‰å¾…......
Fri, 13 Mar 2015 14:37:57 transport.py DEBUG starting thread (client mode): 0x1ae0b90L
Fri, 13 Mar 2015 14:37:57 transport.py INFO Connected (version 2.0, client OpenSSH_4.3)
Fri, 13 Mar 2015 14:37:57 transport.py DEBUG kex algos:['diffie-hellman-group-exchange-sha1', 'diffie-hellman-group14-sha1', 'diffie-hellman-group1-sha1'] server key:['ssh-rsa', 'ssh-dss'] client encrypt:['aes128-ctr', 'aes192-ctr', 'aes256-ctr', 'arcfour256', 'arcfour128', 'aes128-cbc', '3des-cbc', 'blowfish-cbc', 'cast128-cbc', 'aes192-cbc', 'aes256-cbc', 'arcfour', 'rijndael-cbc@lysator.liu.se'] server encrypt:['aes128-ctr', 'aes192-ctr', 'aes256-ctr', 'arcfour256', 'arcfour128', 'aes128-cbc', '3des-cbc', 'blowfish-cbc', 'cast128-cbc', 'aes192-cbc', 'aes256-cbc', 'arcfour', 'rijndael-cbc@lysator.liu.se'] client mac:['hmac-md5', 'hmac-sha1', 'hmac-ripemd160', 'hmac-ripemd160@openssh.com', 'hmac-sha1-96', 'hmac-md5-96'] server mac:['hmac-md5', 'hmac-sha1', 'hmac-ripemd160', 'hmac-ripemd160@openssh.com', 'hmac-sha1-96', 'hmac-md5-96'] client compress:['none', 'zlib@openssh.com'] server compress:['none', 'zlib@openssh.com'] client lang:[''] server lang:[''] kex follows?False
Fri, 13 Mar 2015 14:37:57 transport.py DEBUG Ciphers agreed: local=aes128-ctr, remote=aes128-ctr
Fri, 13 Mar 2015 14:37:57 transport.py DEBUG using kex diffie-hellman-group1-sha1; server key type ssh-rsa; cipher: local aes128-ctr, remote aes128-ctr; mac: local hmac-sha1, remote hmac-sha1; compression: local none, remote none
Fri, 13 Mar 2015 14:37:57 transport.py DEBUG Switch to new keys ...
Fri, 13 Mar 2015 14:37:57 transport.py DEBUG Trying discovered key ba026292a898330984137fb8fb87f083 in /root/.ssh/id_rsa
Fri, 13 Mar 2015 14:37:57 transport.py DEBUG userauth is OK
Fri, 13 Mar 2015 14:37:57 transport.py INFO Authentication (publickey) successful!
Fri, 13 Mar 2015 14:37:57 channel.py DEBUG [chan 1] Max packet in: 34816 bytes
Fri, 13 Mar 2015 14:37:57 channel.py DEBUG [chan 1] Max packet out: 32768 bytes
Fri, 13 Mar 2015 14:37:57 transport.py INFO Secsh channel 1 opened.
Fri, 13 Mar 2015 14:37:57 channel.py DEBUG [chan 1] Sesch channel 1 request ok
Fri, 13 Mar 2015 14:38:01 channel.py DEBUG [chan 1] EOF received (1)
Fri, 13 Mar 2015 14:38:01 channel.py DEBUG [chan 1] EOF sent (1)
Fri, 13 Mar 2015 14:38:01 transport.py DEBUG EOF in transport thread
Fri, 13 Mar 2015 14:38:04 my_lib.py INFO æ­£åœ¨é…ç½®ä¸šåŠ¡ç½‘IP: [1;32;40m 10.144.224.102 [0m,è¯·ç­‰å¾…......
Fri, 13 Mar 2015 14:38:04 transport.py DEBUG starting thread (client mode): 0x1ae0d50L
Fri, 13 Mar 2015 14:38:04 transport.py INFO Connected (version 2.0, client OpenSSH_4.3)
Fri, 13 Mar 2015 14:38:04 transport.py DEBUG kex algos:['diffie-hellman-group-exchange-sha1', 'diffie-hellman-group14-sha1', 'diffie-hellman-group1-sha1'] server key:['ssh-rsa', 'ssh-dss'] client encrypt:['aes128-ctr', 'aes192-ctr', 'aes256-ctr', 'arcfour256', 'arcfour128', 'aes128-cbc', '3des-cbc', 'blowfish-cbc', 'cast128-cbc', 'aes192-cbc', 'aes256-cbc', 'arcfour', 'rijndael-cbc@lysator.liu.se'] server encrypt:['aes128-ctr', 'aes192-ctr', 'aes256-ctr', 'arcfour256', 'arcfour128', 'aes128-cbc', '3des-cbc', 'blowfish-cbc', 'cast128-cbc', 'aes192-cbc', 'aes256-cbc', 'arcfour', 'rijndael-cbc@lysator.liu.se'] client mac:['hmac-md5', 'hmac-sha1', 'hmac-ripemd160', 'hmac-ripemd160@openssh.com', 'hmac-sha1-96', 'hmac-md5-96'] server mac:['hmac-md5', 'hmac-sha1', 'hmac-ripemd160', 'hmac-ripemd160@openssh.com', 'hmac-sha1-96', 'hmac-md5-96'] client compress:['none', 'zlib@openssh.com'] server compress:['none', 'zlib@openssh.com'] client lang:[''] server lang:[''] kex follows?False
Fri, 13 Mar 2015 14:38:04 transport.py DEBUG Ciphers agreed: local=aes128-ctr, remote=aes128-ctr
Fri, 13 Mar 2015 14:38:04 transport.py DEBUG using kex diffie-hellman-group1-sha1; server key type ssh-rsa; cipher: local aes128-ctr, remote aes128-ctr; mac: local hmac-sha1, remote hmac-sha1; compression: local none, remote none
Fri, 13 Mar 2015 14:38:04 transport.py DEBUG Switch to new keys ...
Fri, 13 Mar 2015 14:38:04 transport.py DEBUG Trying discovered key ba026292a898330984137fb8fb87f083 in /root/.ssh/id_rsa
Fri, 13 Mar 2015 14:38:04 transport.py DEBUG userauth is OK
Fri, 13 Mar 2015 14:38:04 transport.py INFO Authentication (publickey) successful!
Fri, 13 Mar 2015 14:38:04 channel.py DEBUG [chan 1] Max packet in: 34816 bytes
Fri, 13 Mar 2015 14:38:04 channel.py DEBUG [chan 1] Max packet out: 32768 bytes
Fri, 13 Mar 2015 14:38:04 transport.py INFO Secsh channel 1 opened.
Fri, 13 Mar 2015 14:38:04 channel.py DEBUG [chan 1] Sesch channel 1 request ok
Fri, 13 Mar 2015 14:38:09 channel.py DEBUG [chan 1] EOF received (1)
Fri, 13 Mar 2015 14:38:09 channel.py DEBUG [chan 1] EOF sent (1)
Fri, 13 Mar 2015 14:38:09 transport.py DEBUG EOF in transport thread
Fri, 13 Mar 2015 14:38:12 my_lib.py INFO æ­£åœ¨åˆ é™¤å¤šä½™è·¯ç”±,[1;31;40m è¯·å‹¿ä¸­æ–­,åˆ é™¤ä¸­[0m................
Fri, 13 Mar 2015 14:38:12 transport.py DEBUG starting thread (client mode): 0x1ae0550L
Fri, 13 Mar 2015 14:38:12 transport.py INFO Connected (version 2.0, client OpenSSH_4.3)
Fri, 13 Mar 2015 14:38:12 transport.py DEBUG kex algos:['diffie-hellman-group-exchange-sha1', 'diffie-hellman-group14-sha1', 'diffie-hellman-group1-sha1'] server key:['ssh-rsa', 'ssh-dss'] client encrypt:['aes128-ctr', 'aes192-ctr', 'aes256-ctr', 'arcfour256', 'arcfour128', 'aes128-cbc', '3des-cbc', 'blowfish-cbc', 'cast128-cbc', 'aes192-cbc', 'aes256-cbc', 'arcfour', 'rijndael-cbc@lysator.liu.se'] server encrypt:['aes128-ctr', 'aes192-ctr', 'aes256-ctr', 'arcfour256', 'arcfour128', 'aes128-cbc', '3des-cbc', 'blowfish-cbc', 'cast128-cbc', 'aes192-cbc', 'aes256-cbc', 'arcfour', 'rijndael-cbc@lysator.liu.se'] client mac:['hmac-md5', 'hmac-sha1', 'hmac-ripemd160', 'hmac-ripemd160@openssh.com', 'hmac-sha1-96', 'hmac-md5-96'] server mac:['hmac-md5', 'hmac-sha1', 'hmac-ripemd160', 'hmac-ripemd160@openssh.com', 'hmac-sha1-96', 'hmac-md5-96'] client compress:['none', 'zlib@openssh.com'] server compress:['none', 'zlib@openssh.com'] client lang:[''] server lang:[''] kex follows?False
Fri, 13 Mar 2015 14:38:12 transport.py DEBUG Ciphers agreed: local=aes128-ctr, remote=aes128-ctr
Fri, 13 Mar 2015 14:38:12 transport.py DEBUG using kex diffie-hellman-group1-sha1; server key type ssh-rsa; cipher: local aes128-ctr, remote aes128-ctr; mac: local hmac-sha1, remote hmac-sha1; compression: local none, remote none
Fri, 13 Mar 2015 14:38:12 transport.py DEBUG Switch to new keys ...
Fri, 13 Mar 2015 14:38:12 transport.py DEBUG Trying discovered key ba026292a898330984137fb8fb87f083 in /root/.ssh/id_rsa
Fri, 13 Mar 2015 14:38:12 transport.py DEBUG userauth is OK
Fri, 13 Mar 2015 14:38:12 transport.py INFO Authentication (publickey) successful!
Fri, 13 Mar 2015 14:38:12 channel.py DEBUG [chan 1] Max packet in: 34816 bytes
Fri, 13 Mar 2015 14:38:12 channel.py DEBUG [chan 1] Max packet out: 32768 bytes
Fri, 13 Mar 2015 14:38:12 transport.py INFO Secsh channel 1 opened.
Fri, 13 Mar 2015 14:38:12 channel.py DEBUG [chan 1] Sesch channel 1 request ok
Fri, 13 Mar 2015 14:38:37 channel.py DEBUG [chan 1] EOF received (1)
Fri, 13 Mar 2015 14:38:37 channel.py DEBUG [chan 1] EOF sent (1)
Fri, 13 Mar 2015 14:38:37 transport.py DEBUG EOF in transport thread
Fri, 13 Mar 2015 14:38:40 transport.py DEBUG starting thread (client mode): 0x1ae03d0L
Fri, 13 Mar 2015 14:38:40 transport.py INFO Connected (version 2.0, client OpenSSH_4.3)
Fri, 13 Mar 2015 14:38:40 transport.py DEBUG kex algos:['diffie-hellman-group-exchange-sha1', 'diffie-hellman-group14-sha1', 'diffie-hellman-group1-sha1'] server key:['ssh-rsa', 'ssh-dss'] client encrypt:['aes128-ctr', 'aes192-ctr', 'aes256-ctr', 'arcfour256', 'arcfour128', 'aes128-cbc', '3des-cbc', 'blowfish-cbc', 'cast128-cbc', 'aes192-cbc', 'aes256-cbc', 'arcfour', 'rijndael-cbc@lysator.liu.se'] server encrypt:['aes128-ctr', 'aes192-ctr', 'aes256-ctr', 'arcfour256', 'arcfour128', 'aes128-cbc', '3des-cbc', 'blowfish-cbc', 'cast128-cbc', 'aes192-cbc', 'aes256-cbc', 'arcfour', 'rijndael-cbc@lysator.liu.se'] client mac:['hmac-md5', 'hmac-sha1', 'hmac-ripemd160', 'hmac-ripemd160@openssh.com', 'hmac-sha1-96', 'hmac-md5-96'] server mac:['hmac-md5', 'hmac-sha1', 'hmac-ripemd160', 'hmac-ripemd160@openssh.com', 'hmac-sha1-96', 'hmac-md5-96'] client compress:['none', 'zlib@openssh.com'] server compress:['none', 'zlib@openssh.com'] client lang:[''] server lang:[''] kex follows?False
Fri, 13 Mar 2015 14:38:40 transport.py DEBUG Ciphers agreed: local=aes128-ctr, remote=aes128-ctr
Fri, 13 Mar 2015 14:38:40 transport.py DEBUG using kex diffie-hellman-group1-sha1; server key type ssh-rsa; cipher: local aes128-ctr, remote aes128-ctr; mac: local hmac-sha1, remote hmac-sha1; compression: local none, remote none
Fri, 13 Mar 2015 14:38:40 transport.py DEBUG Switch to new keys ...
Fri, 13 Mar 2015 14:38:40 transport.py DEBUG Trying discovered key ba026292a898330984137fb8fb87f083 in /root/.ssh/id_rsa
Fri, 13 Mar 2015 14:38:40 transport.py DEBUG userauth is OK
Fri, 13 Mar 2015 14:38:40 transport.py INFO Authentication (publickey) successful!
Fri, 13 Mar 2015 14:38:40 channel.py DEBUG [chan 1] Max packet in: 34816 bytes
Fri, 13 Mar 2015 14:38:40 channel.py DEBUG [chan 1] Max packet out: 32768 bytes
Fri, 13 Mar 2015 14:38:40 transport.py INFO Secsh channel 1 opened.
Fri, 13 Mar 2015 14:38:40 channel.py DEBUG [chan 1] Sesch channel 1 request ok
Fri, 13 Mar 2015 14:38:56 channel.py DEBUG [chan 1] EOF received (1)
Fri, 13 Mar 2015 14:38:56 channel.py DEBUG [chan 1] EOF sent (1)
Fri, 13 Mar 2015 14:38:56 transport.py DEBUG EOF in transport thread
Fri, 13 Mar 2015 14:39:04 my_lib.py INFO [1;32;40m IPé…ç½®å®Œæ¯• [0m,è¯·å°†VLANå½•å…¥bizmonitor
Fri, 13 Mar 2015 14:39:04 my_lib.py INFO è¯·ç¡®è®¤ä»¥ä¸‹ä¿¡æ¯:
 æœåŠ¡å™¨ç±»å‹: [1;32;40m å®ä½“æœº[0m;
 æœåŠ¡å™¨çš„ä¸šåŠ¡ç½‘ipåœ°å€: [1;32;40m 10.144.65.37[0m;
 æœåŠ¡å™¨çš„æ•°æ®ç½‘ipåœ°å€: [1;32;40m 10.134.65.37[0m;
 å·²ç»ç»‘å®šçš„ä¸šåŠ¡ç½‘vlan ipåœ°å€: [1;32;40m10.144.224.102[0m;
 å·²ç»ç»‘å®šçš„æ•°æ®ç½‘vlan ipåœ°å€: [1;32;40m10.134.224.102[0m;
 æœåŠ¡å™¨æ‰€åœ¨æœºæˆ¿: [1;32;40mçŸ³æ™¯å±±è”é€šæœºæˆ¿[0m;
.

Fri, 13 Mar 2015 14:39:16 my_lib.py INFO [1;31;40m æ­£åœ¨å‘é€é‚®ä»¶è¯·è€å¿ƒç­‰å¾…!............[0m
